2025-03-16 14:19:04,711 - INFO - Use pytorch device_name: cpu
2025-03-16 14:19:04,727 - INFO - Load pretrained SentenceTransformer: all-MiniLM-L6-v2
2025-03-16 14:19:09,982 - INFO - Reading CSV file from datafarmer_cleaned.csv
2025-03-16 14:19:10,074 - INFO - Original columns: ['Domain_Code', 'Domain', 'Area_Code', 'Area', 'Element_Code', 'Element', 'Item_Code', 'Item', 'Year_Code', 'Year', 'Unit', 'Value', 'Flag', 'Flag_Description', 'Note']
2025-03-16 14:19:10,074 - INFO - Available columns: ['Domain_Code', 'Domain', 'Area_Code', 'Area', 'Element_Code', 'Element', 'Item_Code', 'Item', 'Year_Code', 'Year', 'Unit', 'Value', 'Flag', 'Flag_Description', 'Note']
2025-03-16 14:19:10,108 - INFO - Total rows to process: 22597
2025-03-16 14:19:13,120 - INFO - inserting 100 documents in 'prachiti'
2025-03-16 14:19:13,122 - INFO - insertMany(chunk) on 'prachiti'
2025-03-16 14:19:13,139 - INFO - insertMany(chunk) on 'prachiti'
2025-03-16 14:19:15,422 - INFO - HTTP Request: POST https://81e88ab0-fca8-4540-9149-44a6f68fe277-us-east-2.apps.astra.datastax.com/api/json/v1/default_keyspace/prachiti "HTTP/1.1 200 OK"
2025-03-16 14:19:15,422 - INFO - finished insertMany(chunk) on 'prachiti'
2025-03-16 14:19:15,460 - INFO - HTTP Request: POST https://81e88ab0-fca8-4540-9149-44a6f68fe277-us-east-2.apps.astra.datastax.com/api/json/v1/default_keyspace/prachiti "HTTP/1.1 200 OK"
2025-03-16 14:19:15,466 - INFO - finished insertMany(chunk) on 'prachiti'
2025-03-16 14:19:15,466 - INFO - finished inserting 100 documents in 'prachiti'
2025-03-16 14:19:15,466 - INFO - Inserted batch of 100 documents
2025-03-16 14:19:17,385 - INFO - inserting 100 documents in 'prachiti'
2025-03-16 14:19:17,386 - INFO - insertMany(chunk) on 'prachiti'
2025-03-16 14:19:17,386 - INFO - insertMany(chunk) on 'prachiti'
2025-03-16 14:19:17,875 - INFO - HTTP Request: POST https://81e88ab0-fca8-4540-9149-44a6f68fe277-us-east-2.apps.astra.datastax.com/api/json/v1/default_keyspace/prachiti "HTTP/1.1 200 OK"
2025-03-16 14:19:17,875 - INFO - finished insertMany(chunk) on 'prachiti'
2025-03-16 14:19:18,590 - INFO - HTTP Request: POST https://81e88ab0-fca8-4540-9149-44a6f68fe277-us-east-2.apps.astra.datastax.com/api/json/v1/default_keyspace/prachiti "HTTP/1.1 200 OK"
2025-03-16 14:19:18,590 - INFO - finished insertMany(chunk) on 'prachiti'
2025-03-16 14:19:18,605 - INFO - finished inserting 100 documents in 'prachiti'
2025-03-16 14:19:18,605 - INFO - Inserted batch of 100 documents
2025-03-16 14:19:20,171 - INFO - inserting 100 documents in 'prachiti'
2025-03-16 14:19:20,172 - INFO - insertMany(chunk) on 'prachiti'
2025-03-16 14:19:20,179 - INFO - insertMany(chunk) on 'prachiti'
2025-03-16 14:19:20,875 - INFO - HTTP Request: POST https://81e88ab0-fca8-4540-9149-44a6f68fe277-us-east-2.apps.astra.datastax.com/api/json/v1/default_keyspace/prachiti "HTTP/1.1 200 OK"
2025-03-16 14:19:20,877 - INFO - finished insertMany(chunk) on 'prachiti'
2025-03-16 14:19:21,524 - INFO - HTTP Request: POST https://81e88ab0-fca8-4540-9149-44a6f68fe277-us-east-2.apps.astra.datastax.com/api/json/v1/default_keyspace/prachiti "HTTP/1.1 200 OK"
2025-03-16 14:19:21,524 - INFO - finished insertMany(chunk) on 'prachiti'
2025-03-16 14:19:21,524 - INFO - finished inserting 100 documents in 'prachiti'
2025-03-16 14:19:21,524 - INFO - Inserted batch of 100 documents
2025-03-16 14:19:23,210 - INFO - inserting 100 documents in 'prachiti'
2025-03-16 14:19:23,210 - INFO - insertMany(chunk) on 'prachiti'
2025-03-16 14:19:23,217 - INFO - insertMany(chunk) on 'prachiti'
2025-03-16 14:19:23,764 - INFO - HTTP Request: POST https://81e88ab0-fca8-4540-9149-44a6f68fe277-us-east-2.apps.astra.datastax.com/api/json/v1/default_keyspace/prachiti "HTTP/1.1 200 OK"
2025-03-16 14:19:23,764 - INFO - finished insertMany(chunk) on 'prachiti'
2025-03-16 14:19:24,456 - INFO - HTTP Request: POST https://81e88ab0-fca8-4540-9149-44a6f68fe277-us-east-2.apps.astra.datastax.com/api/json/v1/default_keyspace/prachiti "HTTP/1.1 200 OK"
2025-03-16 14:19:24,456 - INFO - finished insertMany(chunk) on 'prachiti'
2025-03-16 14:19:24,456 - INFO - finished inserting 100 documents in 'prachiti'
2025-03-16 14:19:24,456 - INFO - Inserted batch of 100 documents
2025-03-16 14:19:26,222 - INFO - inserting 100 documents in 'prachiti'
2025-03-16 14:19:26,222 - INFO - insertMany(chunk) on 'prachiti'
2025-03-16 14:19:26,238 - INFO - insertMany(chunk) on 'prachiti'
2025-03-16 14:19:26,735 - INFO - HTTP Request: POST https://81e88ab0-fca8-4540-9149-44a6f68fe277-us-east-2.apps.astra.datastax.com/api/json/v1/default_keyspace/prachiti "HTTP/1.1 200 OK"
2025-03-16 14:19:26,735 - INFO - finished insertMany(chunk) on 'prachiti'
2025-03-16 14:19:27,407 - INFO - HTTP Request: POST https://81e88ab0-fca8-4540-9149-44a6f68fe277-us-east-2.apps.astra.datastax.com/api/json/v1/default_keyspace/prachiti "HTTP/1.1 200 OK"
2025-03-16 14:19:27,407 - INFO - finished insertMany(chunk) on 'prachiti'
2025-03-16 14:19:27,407 - INFO - finished inserting 100 documents in 'prachiti'
2025-03-16 14:19:27,407 - INFO - Inserted batch of 100 documents
2025-03-16 14:19:29,267 - INFO - inserting 100 documents in 'prachiti'
2025-03-16 14:19:29,267 - INFO - insertMany(chunk) on 'prachiti'
2025-03-16 14:19:29,275 - INFO - insertMany(chunk) on 'prachiti'
2025-03-16 14:19:29,794 - INFO - HTTP Request: POST https://81e88ab0-fca8-4540-9149-44a6f68fe277-us-east-2.apps.astra.datastax.com/api/json/v1/default_keyspace/prachiti "HTTP/1.1 200 OK"
2025-03-16 14:19:29,794 - INFO - finished insertMany(chunk) on 'prachiti'
2025-03-16 14:19:30,330 - INFO - HTTP Request: POST https://81e88ab0-fca8-4540-9149-44a6f68fe277-us-east-2.apps.astra.datastax.com/api/json/v1/default_keyspace/prachiti "HTTP/1.1 200 OK"
2025-03-16 14:19:30,330 - INFO - finished insertMany(chunk) on 'prachiti'
2025-03-16 14:19:30,330 - INFO - finished inserting 100 documents in 'prachiti'
2025-03-16 14:19:30,330 - INFO - Inserted batch of 100 documents
2025-03-16 14:19:31,980 - INFO - inserting 100 documents in 'prachiti'
2025-03-16 14:19:31,988 - INFO - insertMany(chunk) on 'prachiti'
2025-03-16 14:19:32,006 - INFO - insertMany(chunk) on 'prachiti'
2025-03-16 14:19:32,569 - INFO - HTTP Request: POST https://81e88ab0-fca8-4540-9149-44a6f68fe277-us-east-2.apps.astra.datastax.com/api/json/v1/default_keyspace/prachiti "HTTP/1.1 200 OK"
2025-03-16 14:19:32,584 - INFO - finished insertMany(chunk) on 'prachiti'
2025-03-16 14:19:32,837 - INFO - HTTP Request: POST https://81e88ab0-fca8-4540-9149-44a6f68fe277-us-east-2.apps.astra.datastax.com/api/json/v1/default_keyspace/prachiti "HTTP/1.1 200 OK"
2025-03-16 14:19:32,838 - INFO - finished insertMany(chunk) on 'prachiti'
2025-03-16 14:19:32,838 - INFO - finished inserting 100 documents in 'prachiti'
2025-03-16 14:19:32,838 - INFO - Inserted batch of 100 documents
2025-03-16 14:19:34,707 - INFO - inserting 100 documents in 'prachiti'
2025-03-16 14:19:34,707 - INFO - insertMany(chunk) on 'prachiti'
2025-03-16 14:19:34,718 - INFO - insertMany(chunk) on 'prachiti'
2025-03-16 14:19:35,539 - INFO - HTTP Request: POST https://81e88ab0-fca8-4540-9149-44a6f68fe277-us-east-2.apps.astra.datastax.com/api/json/v1/default_keyspace/prachiti "HTTP/1.1 200 OK"
2025-03-16 14:19:35,542 - INFO - finished insertMany(chunk) on 'prachiti'
2025-03-16 14:19:35,873 - INFO - HTTP Request: POST https://81e88ab0-fca8-4540-9149-44a6f68fe277-us-east-2.apps.astra.datastax.com/api/json/v1/default_keyspace/prachiti "HTTP/1.1 200 OK"
2025-03-16 14:19:35,875 - INFO - finished insertMany(chunk) on 'prachiti'
2025-03-16 14:19:35,875 - INFO - finished inserting 100 documents in 'prachiti'
2025-03-16 14:19:35,876 - INFO - Inserted batch of 100 documents
2025-03-16 14:19:37,632 - INFO - inserting 100 documents in 'prachiti'
2025-03-16 14:19:37,633 - INFO - insertMany(chunk) on 'prachiti'
2025-03-16 14:19:37,643 - INFO - insertMany(chunk) on 'prachiti'
2025-03-16 14:19:38,151 - INFO - HTTP Request: POST https://81e88ab0-fca8-4540-9149-44a6f68fe277-us-east-2.apps.astra.datastax.com/api/json/v1/default_keyspace/prachiti "HTTP/1.1 200 OK"
2025-03-16 14:19:38,151 - INFO - finished insertMany(chunk) on 'prachiti'
2025-03-16 14:19:38,653 - INFO - HTTP Request: POST https://81e88ab0-fca8-4540-9149-44a6f68fe277-us-east-2.apps.astra.datastax.com/api/json/v1/default_keyspace/prachiti "HTTP/1.1 200 OK"
2025-03-16 14:19:38,653 - INFO - finished insertMany(chunk) on 'prachiti'
2025-03-16 14:19:38,653 - INFO - finished inserting 100 documents in 'prachiti'
2025-03-16 14:19:38,653 - INFO - Inserted batch of 100 documents
2025-03-16 14:19:40,295 - INFO - inserting 100 documents in 'prachiti'
2025-03-16 14:19:40,295 - INFO - insertMany(chunk) on 'prachiti'
2025-03-16 14:19:40,307 - INFO - insertMany(chunk) on 'prachiti'
2025-03-16 14:19:41,097 - INFO - HTTP Request: POST https://81e88ab0-fca8-4540-9149-44a6f68fe277-us-east-2.apps.astra.datastax.com/api/json/v1/default_keyspace/prachiti "HTTP/1.1 200 OK"
2025-03-16 14:19:41,097 - INFO - finished insertMany(chunk) on 'prachiti'
2025-03-16 14:19:41,379 - INFO - HTTP Request: POST https://81e88ab0-fca8-4540-9149-44a6f68fe277-us-east-2.apps.astra.datastax.com/api/json/v1/default_keyspace/prachiti "HTTP/1.1 200 OK"
2025-03-16 14:19:41,379 - INFO - finished insertMany(chunk) on 'prachiti'
2025-03-16 14:19:41,379 - INFO - finished inserting 100 documents in 'prachiti'
2025-03-16 14:19:41,379 - INFO - Inserted batch of 100 documents
2025-03-16 14:19:43,235 - INFO - inserting 100 documents in 'prachiti'
2025-03-16 14:19:43,235 - INFO - insertMany(chunk) on 'prachiti'
2025-03-16 14:19:43,245 - INFO - insertMany(chunk) on 'prachiti'
2025-03-16 14:19:43,757 - INFO - HTTP Request: POST https://81e88ab0-fca8-4540-9149-44a6f68fe277-us-east-2.apps.astra.datastax.com/api/json/v1/default_keyspace/prachiti "HTTP/1.1 200 OK"
2025-03-16 14:19:43,759 - INFO - finished insertMany(chunk) on 'prachiti'
2025-03-16 14:19:44,274 - INFO - HTTP Request: POST https://81e88ab0-fca8-4540-9149-44a6f68fe277-us-east-2.apps.astra.datastax.com/api/json/v1/default_keyspace/prachiti "HTTP/1.1 200 OK"
2025-03-16 14:19:44,274 - INFO - finished insertMany(chunk) on 'prachiti'
2025-03-16 14:19:44,274 - INFO - finished inserting 100 documents in 'prachiti'
2025-03-16 14:19:44,274 - INFO - Inserted batch of 100 documents
2025-03-16 14:19:46,055 - INFO - inserting 100 documents in 'prachiti'
2025-03-16 14:19:46,055 - INFO - insertMany(chunk) on 'prachiti'
2025-03-16 14:19:46,073 - INFO - insertMany(chunk) on 'prachiti'
2025-03-16 14:19:46,671 - INFO - HTTP Request: POST https://81e88ab0-fca8-4540-9149-44a6f68fe277-us-east-2.apps.astra.datastax.com/api/json/v1/default_keyspace/prachiti "HTTP/1.1 200 OK"
2025-03-16 14:19:46,671 - INFO - finished insertMany(chunk) on 'prachiti'
2025-03-16 14:19:47,200 - INFO - HTTP Request: POST https://81e88ab0-fca8-4540-9149-44a6f68fe277-us-east-2.apps.astra.datastax.com/api/json/v1/default_keyspace/prachiti "HTTP/1.1 200 OK"
2025-03-16 14:19:47,200 - INFO - finished insertMany(chunk) on 'prachiti'
2025-03-16 14:19:47,200 - INFO - finished inserting 100 documents in 'prachiti'
2025-03-16 14:19:47,200 - INFO - Inserted batch of 100 documents
2025-03-16 14:19:49,344 - INFO - inserting 100 documents in 'prachiti'
2025-03-16 14:19:49,345 - INFO - insertMany(chunk) on 'prachiti'
2025-03-16 14:19:49,345 - INFO - insertMany(chunk) on 'prachiti'
2025-03-16 14:19:49,884 - INFO - HTTP Request: POST https://81e88ab0-fca8-4540-9149-44a6f68fe277-us-east-2.apps.astra.datastax.com/api/json/v1/default_keyspace/prachiti "HTTP/1.1 200 OK"
2025-03-16 14:19:49,886 - INFO - finished insertMany(chunk) on 'prachiti'
2025-03-16 14:19:50,373 - INFO - HTTP Request: POST https://81e88ab0-fca8-4540-9149-44a6f68fe277-us-east-2.apps.astra.datastax.com/api/json/v1/default_keyspace/prachiti "HTTP/1.1 200 OK"
2025-03-16 14:19:50,374 - INFO - finished insertMany(chunk) on 'prachiti'
2025-03-16 14:19:50,374 - INFO - finished inserting 100 documents in 'prachiti'
2025-03-16 14:19:50,374 - INFO - Inserted batch of 100 documents
2025-03-16 14:19:52,076 - INFO - inserting 100 documents in 'prachiti'
2025-03-16 14:19:52,077 - INFO - insertMany(chunk) on 'prachiti'
2025-03-16 14:19:52,089 - INFO - insertMany(chunk) on 'prachiti'
2025-03-16 14:19:52,749 - INFO - HTTP Request: POST https://81e88ab0-fca8-4540-9149-44a6f68fe277-us-east-2.apps.astra.datastax.com/api/json/v1/default_keyspace/prachiti "HTTP/1.1 200 OK"
2025-03-16 14:19:52,750 - INFO - finished insertMany(chunk) on 'prachiti'
2025-03-16 14:19:52,889 - INFO - HTTP Request: POST https://81e88ab0-fca8-4540-9149-44a6f68fe277-us-east-2.apps.astra.datastax.com/api/json/v1/default_keyspace/prachiti "HTTP/1.1 200 OK"
2025-03-16 14:19:52,889 - INFO - finished insertMany(chunk) on 'prachiti'
2025-03-16 14:19:52,889 - INFO - finished inserting 100 documents in 'prachiti'
2025-03-16 14:19:52,889 - INFO - Inserted batch of 100 documents
2025-03-16 14:19:55,072 - INFO - inserting 100 documents in 'prachiti'
2025-03-16 14:19:55,072 - INFO - insertMany(chunk) on 'prachiti'
2025-03-16 14:19:55,088 - INFO - insertMany(chunk) on 'prachiti'
2025-03-16 14:19:55,659 - INFO - HTTP Request: POST https://81e88ab0-fca8-4540-9149-44a6f68fe277-us-east-2.apps.astra.datastax.com/api/json/v1/default_keyspace/prachiti "HTTP/1.1 200 OK"
2025-03-16 14:19:55,674 - INFO - finished insertMany(chunk) on 'prachiti'
2025-03-16 14:19:56,177 - INFO - HTTP Request: POST https://81e88ab0-fca8-4540-9149-44a6f68fe277-us-east-2.apps.astra.datastax.com/api/json/v1/default_keyspace/prachiti "HTTP/1.1 200 OK"
2025-03-16 14:19:56,177 - INFO - finished insertMany(chunk) on 'prachiti'
2025-03-16 14:19:56,177 - INFO - finished inserting 100 documents in 'prachiti'
2025-03-16 14:19:56,186 - INFO - Inserted batch of 100 documents
2025-03-16 14:19:57,965 - INFO - inserting 100 documents in 'prachiti'
2025-03-16 14:19:57,965 - INFO - insertMany(chunk) on 'prachiti'
2025-03-16 14:19:57,972 - INFO - insertMany(chunk) on 'prachiti'
2025-03-16 14:19:58,772 - INFO - HTTP Request: POST https://81e88ab0-fca8-4540-9149-44a6f68fe277-us-east-2.apps.astra.datastax.com/api/json/v1/default_keyspace/prachiti "HTTP/1.1 200 OK"
2025-03-16 14:19:58,772 - INFO - finished insertMany(chunk) on 'prachiti'
2025-03-16 14:19:59,089 - INFO - HTTP Request: POST https://81e88ab0-fca8-4540-9149-44a6f68fe277-us-east-2.apps.astra.datastax.com/api/json/v1/default_keyspace/prachiti "HTTP/1.1 200 OK"
2025-03-16 14:19:59,089 - INFO - finished insertMany(chunk) on 'prachiti'
2025-03-16 14:19:59,089 - INFO - finished inserting 100 documents in 'prachiti'
2025-03-16 14:19:59,089 - INFO - Inserted batch of 100 documents
2025-03-16 14:20:00,914 - INFO - inserting 100 documents in 'prachiti'
2025-03-16 14:20:00,914 - INFO - insertMany(chunk) on 'prachiti'
2025-03-16 14:20:00,914 - INFO - insertMany(chunk) on 'prachiti'
2025-03-16 14:20:01,425 - INFO - HTTP Request: POST https://81e88ab0-fca8-4540-9149-44a6f68fe277-us-east-2.apps.astra.datastax.com/api/json/v1/default_keyspace/prachiti "HTTP/1.1 200 OK"
2025-03-16 14:20:01,426 - INFO - finished insertMany(chunk) on 'prachiti'
2025-03-16 14:20:01,745 - INFO - HTTP Request: POST https://81e88ab0-fca8-4540-9149-44a6f68fe277-us-east-2.apps.astra.datastax.com/api/json/v1/default_keyspace/prachiti "HTTP/1.1 200 OK"
2025-03-16 14:20:01,745 - INFO - finished insertMany(chunk) on 'prachiti'
2025-03-16 14:20:01,745 - INFO - finished inserting 100 documents in 'prachiti'
2025-03-16 14:20:01,745 - INFO - Inserted batch of 100 documents
2025-03-16 14:20:03,681 - INFO - inserting 100 documents in 'prachiti'
2025-03-16 14:20:03,685 - INFO - insertMany(chunk) on 'prachiti'
2025-03-16 14:20:03,692 - INFO - insertMany(chunk) on 'prachiti'
2025-03-16 14:20:04,308 - INFO - HTTP Request: POST https://81e88ab0-fca8-4540-9149-44a6f68fe277-us-east-2.apps.astra.datastax.com/api/json/v1/default_keyspace/prachiti "HTTP/1.1 200 OK"
2025-03-16 14:20:04,308 - INFO - finished insertMany(chunk) on 'prachiti'
2025-03-16 14:20:04,783 - INFO - HTTP Request: POST https://81e88ab0-fca8-4540-9149-44a6f68fe277-us-east-2.apps.astra.datastax.com/api/json/v1/default_keyspace/prachiti "HTTP/1.1 200 OK"
2025-03-16 14:20:04,799 - INFO - finished insertMany(chunk) on 'prachiti'
2025-03-16 14:20:04,799 - INFO - finished inserting 100 documents in 'prachiti'
2025-03-16 14:20:04,799 - INFO - Inserted batch of 100 documents
2025-03-16 14:20:06,764 - INFO - inserting 100 documents in 'prachiti'
2025-03-16 14:20:06,766 - INFO - insertMany(chunk) on 'prachiti'
2025-03-16 14:20:06,778 - INFO - insertMany(chunk) on 'prachiti'
2025-03-16 14:20:07,287 - INFO - HTTP Request: POST https://81e88ab0-fca8-4540-9149-44a6f68fe277-us-east-2.apps.astra.datastax.com/api/json/v1/default_keyspace/prachiti "HTTP/1.1 200 OK"
2025-03-16 14:20:07,288 - INFO - finished insertMany(chunk) on 'prachiti'
2025-03-16 14:20:07,693 - INFO - HTTP Request: POST https://81e88ab0-fca8-4540-9149-44a6f68fe277-us-east-2.apps.astra.datastax.com/api/json/v1/default_keyspace/prachiti "HTTP/1.1 200 OK"
2025-03-16 14:20:07,693 - INFO - finished insertMany(chunk) on 'prachiti'
2025-03-16 14:20:07,705 - INFO - finished inserting 100 documents in 'prachiti'
2025-03-16 14:20:07,706 - INFO - Inserted batch of 100 documents
2025-03-16 14:20:09,789 - INFO - inserting 100 documents in 'prachiti'
2025-03-16 14:20:09,789 - INFO - insertMany(chunk) on 'prachiti'
2025-03-16 14:20:09,796 - INFO - insertMany(chunk) on 'prachiti'
2025-03-16 14:20:10,324 - INFO - HTTP Request: POST https://81e88ab0-fca8-4540-9149-44a6f68fe277-us-east-2.apps.astra.datastax.com/api/json/v1/default_keyspace/prachiti "HTTP/1.1 200 OK"
2025-03-16 14:20:10,327 - INFO - finished insertMany(chunk) on 'prachiti'
2025-03-16 14:20:10,656 - INFO - HTTP Request: POST https://81e88ab0-fca8-4540-9149-44a6f68fe277-us-east-2.apps.astra.datastax.com/api/json/v1/default_keyspace/prachiti "HTTP/1.1 200 OK"
2025-03-16 14:20:10,657 - INFO - finished insertMany(chunk) on 'prachiti'
2025-03-16 14:20:10,657 - INFO - finished inserting 100 documents in 'prachiti'
2025-03-16 14:20:10,657 - INFO - Inserted batch of 100 documents
2025-03-16 14:20:12,520 - INFO - inserting 100 documents in 'prachiti'
2025-03-16 14:20:12,536 - INFO - insertMany(chunk) on 'prachiti'
2025-03-16 14:20:12,555 - INFO - insertMany(chunk) on 'prachiti'
2025-03-16 14:20:13,058 - INFO - HTTP Request: POST https://81e88ab0-fca8-4540-9149-44a6f68fe277-us-east-2.apps.astra.datastax.com/api/json/v1/default_keyspace/prachiti "HTTP/1.1 200 OK"
2025-03-16 14:20:13,061 - INFO - finished insertMany(chunk) on 'prachiti'
2025-03-16 14:20:13,610 - INFO - HTTP Request: POST https://81e88ab0-fca8-4540-9149-44a6f68fe277-us-east-2.apps.astra.datastax.com/api/json/v1/default_keyspace/prachiti "HTTP/1.1 200 OK"
2025-03-16 14:20:13,610 - INFO - finished insertMany(chunk) on 'prachiti'
2025-03-16 14:20:13,610 - INFO - finished inserting 100 documents in 'prachiti'
2025-03-16 14:20:13,610 - INFO - Inserted batch of 100 documents
2025-03-16 14:20:15,666 - INFO - inserting 100 documents in 'prachiti'
2025-03-16 14:20:15,666 - INFO - insertMany(chunk) on 'prachiti'
2025-03-16 14:20:15,685 - INFO - insertMany(chunk) on 'prachiti'
2025-03-16 14:20:16,272 - INFO - HTTP Request: POST https://81e88ab0-fca8-4540-9149-44a6f68fe277-us-east-2.apps.astra.datastax.com/api/json/v1/default_keyspace/prachiti "HTTP/1.1 200 OK"
2025-03-16 14:20:16,272 - INFO - finished insertMany(chunk) on 'prachiti'
2025-03-16 14:20:16,888 - INFO - HTTP Request: POST https://81e88ab0-fca8-4540-9149-44a6f68fe277-us-east-2.apps.astra.datastax.com/api/json/v1/default_keyspace/prachiti "HTTP/1.1 200 OK"
2025-03-16 14:20:16,888 - INFO - finished insertMany(chunk) on 'prachiti'
2025-03-16 14:20:16,904 - INFO - finished inserting 100 documents in 'prachiti'
2025-03-16 14:20:16,904 - INFO - Inserted batch of 100 documents
2025-03-16 14:20:18,704 - INFO - inserting 100 documents in 'prachiti'
2025-03-16 14:20:18,704 - INFO - insertMany(chunk) on 'prachiti'
2025-03-16 14:20:18,720 - INFO - insertMany(chunk) on 'prachiti'
2025-03-16 14:20:19,752 - INFO - HTTP Request: POST https://81e88ab0-fca8-4540-9149-44a6f68fe277-us-east-2.apps.astra.datastax.com/api/json/v1/default_keyspace/prachiti "HTTP/1.1 200 OK"
2025-03-16 14:20:19,752 - INFO - finished insertMany(chunk) on 'prachiti'
2025-03-16 14:20:19,915 - INFO - HTTP Request: POST https://81e88ab0-fca8-4540-9149-44a6f68fe277-us-east-2.apps.astra.datastax.com/api/json/v1/default_keyspace/prachiti "HTTP/1.1 200 OK"
2025-03-16 14:20:19,931 - INFO - finished insertMany(chunk) on 'prachiti'
2025-03-16 14:20:19,931 - INFO - finished inserting 100 documents in 'prachiti'
2025-03-16 14:20:19,931 - INFO - Inserted batch of 100 documents
2025-03-16 14:20:21,725 - INFO - inserting 100 documents in 'prachiti'
2025-03-16 14:20:21,727 - INFO - insertMany(chunk) on 'prachiti'
2025-03-16 14:20:21,735 - INFO - insertMany(chunk) on 'prachiti'
2025-03-16 14:20:22,336 - INFO - HTTP Request: POST https://81e88ab0-fca8-4540-9149-44a6f68fe277-us-east-2.apps.astra.datastax.com/api/json/v1/default_keyspace/prachiti "HTTP/1.1 200 OK"
2025-03-16 14:20:22,339 - INFO - finished insertMany(chunk) on 'prachiti'
2025-03-16 14:20:22,637 - INFO - HTTP Request: POST https://81e88ab0-fca8-4540-9149-44a6f68fe277-us-east-2.apps.astra.datastax.com/api/json/v1/default_keyspace/prachiti "HTTP/1.1 200 OK"
2025-03-16 14:20:22,637 - INFO - finished insertMany(chunk) on 'prachiti'
2025-03-16 14:20:22,652 - INFO - finished inserting 100 documents in 'prachiti'
2025-03-16 14:20:22,654 - INFO - Inserted batch of 100 documents
2025-03-16 14:20:24,837 - INFO - inserting 100 documents in 'prachiti'
2025-03-16 14:20:24,847 - INFO - insertMany(chunk) on 'prachiti'
2025-03-16 14:20:24,868 - INFO - insertMany(chunk) on 'prachiti'
2025-03-16 14:20:25,437 - INFO - HTTP Request: POST https://81e88ab0-fca8-4540-9149-44a6f68fe277-us-east-2.apps.astra.datastax.com/api/json/v1/default_keyspace/prachiti "HTTP/1.1 200 OK"
2025-03-16 14:20:25,437 - INFO - finished insertMany(chunk) on 'prachiti'
2025-03-16 14:20:25,437 - ERROR - Error inserting batch: Out of range float values are not JSON compliant: nan
2025-03-16 14:20:27,522 - INFO - inserting 100 documents in 'prachiti'
2025-03-16 14:20:27,533 - INFO - insertMany(chunk) on 'prachiti'
2025-03-16 14:20:27,533 - INFO - insertMany(chunk) on 'prachiti'
2025-03-16 14:20:28,063 - INFO - HTTP Request: POST https://81e88ab0-fca8-4540-9149-44a6f68fe277-us-east-2.apps.astra.datastax.com/api/json/v1/default_keyspace/prachiti "HTTP/1.1 200 OK"
2025-03-16 14:20:28,063 - INFO - finished insertMany(chunk) on 'prachiti'
2025-03-16 14:20:29,743 - INFO - HTTP Request: POST https://81e88ab0-fca8-4540-9149-44a6f68fe277-us-east-2.apps.astra.datastax.com/api/json/v1/default_keyspace/prachiti "HTTP/1.1 200 OK"
2025-03-16 14:20:29,743 - INFO - finished insertMany(chunk) on 'prachiti'
2025-03-16 14:20:29,743 - INFO - finished inserting 100 documents in 'prachiti'
2025-03-16 14:20:29,743 - INFO - Inserted batch of 100 documents
2025-03-16 14:20:31,593 - INFO - inserting 100 documents in 'prachiti'
2025-03-16 14:20:31,594 - INFO - insertMany(chunk) on 'prachiti'
2025-03-16 14:20:31,594 - INFO - insertMany(chunk) on 'prachiti'
2025-03-16 14:20:32,122 - INFO - HTTP Request: POST https://81e88ab0-fca8-4540-9149-44a6f68fe277-us-east-2.apps.astra.datastax.com/api/json/v1/default_keyspace/prachiti "HTTP/1.1 200 OK"
2025-03-16 14:20:32,135 - INFO - finished insertMany(chunk) on 'prachiti'
2025-03-16 14:20:32,610 - INFO - HTTP Request: POST https://81e88ab0-fca8-4540-9149-44a6f68fe277-us-east-2.apps.astra.datastax.com/api/json/v1/default_keyspace/prachiti "HTTP/1.1 200 OK"
2025-03-16 14:20:32,611 - INFO - finished insertMany(chunk) on 'prachiti'
2025-03-16 14:20:32,612 - INFO - finished inserting 100 documents in 'prachiti'
2025-03-16 14:20:32,612 - INFO - Inserted batch of 100 documents
2025-03-16 14:20:34,320 - INFO - inserting 100 documents in 'prachiti'
2025-03-16 14:20:34,322 - INFO - insertMany(chunk) on 'prachiti'
2025-03-16 14:20:34,335 - INFO - insertMany(chunk) on 'prachiti'
2025-03-16 14:20:34,975 - INFO - HTTP Request: POST https://81e88ab0-fca8-4540-9149-44a6f68fe277-us-east-2.apps.astra.datastax.com/api/json/v1/default_keyspace/prachiti "HTTP/1.1 200 OK"
2025-03-16 14:20:34,975 - INFO - finished insertMany(chunk) on 'prachiti'
2025-03-16 14:20:35,371 - INFO - HTTP Request: POST https://81e88ab0-fca8-4540-9149-44a6f68fe277-us-east-2.apps.astra.datastax.com/api/json/v1/default_keyspace/prachiti "HTTP/1.1 200 OK"
2025-03-16 14:20:35,371 - INFO - finished insertMany(chunk) on 'prachiti'
2025-03-16 14:20:35,371 - INFO - finished inserting 100 documents in 'prachiti'
2025-03-16 14:20:35,371 - INFO - Inserted batch of 100 documents
2025-03-16 14:20:37,170 - INFO - inserting 100 documents in 'prachiti'
2025-03-16 14:20:37,171 - INFO - insertMany(chunk) on 'prachiti'
2025-03-16 14:20:37,189 - INFO - insertMany(chunk) on 'prachiti'
2025-03-16 14:20:37,650 - INFO - HTTP Request: POST https://81e88ab0-fca8-4540-9149-44a6f68fe277-us-east-2.apps.astra.datastax.com/api/json/v1/default_keyspace/prachiti "HTTP/1.1 200 OK"
2025-03-16 14:20:37,650 - INFO - finished insertMany(chunk) on 'prachiti'
2025-03-16 14:20:38,085 - INFO - HTTP Request: POST https://81e88ab0-fca8-4540-9149-44a6f68fe277-us-east-2.apps.astra.datastax.com/api/json/v1/default_keyspace/prachiti "HTTP/1.1 200 OK"
2025-03-16 14:20:38,085 - INFO - finished insertMany(chunk) on 'prachiti'
2025-03-16 14:20:38,085 - INFO - finished inserting 100 documents in 'prachiti'
2025-03-16 14:20:38,085 - INFO - Inserted batch of 100 documents
2025-03-16 14:20:39,924 - INFO - inserting 100 documents in 'prachiti'
2025-03-16 14:20:39,926 - INFO - insertMany(chunk) on 'prachiti'
2025-03-16 14:20:39,941 - INFO - insertMany(chunk) on 'prachiti'
2025-03-16 14:20:40,558 - INFO - HTTP Request: POST https://81e88ab0-fca8-4540-9149-44a6f68fe277-us-east-2.apps.astra.datastax.com/api/json/v1/default_keyspace/prachiti "HTTP/1.1 200 OK"
2025-03-16 14:20:40,574 - INFO - finished insertMany(chunk) on 'prachiti'
2025-03-16 14:20:40,873 - INFO - HTTP Request: POST https://81e88ab0-fca8-4540-9149-44a6f68fe277-us-east-2.apps.astra.datastax.com/api/json/v1/default_keyspace/prachiti "HTTP/1.1 200 OK"
2025-03-16 14:20:40,873 - INFO - finished insertMany(chunk) on 'prachiti'
2025-03-16 14:20:40,873 - INFO - finished inserting 100 documents in 'prachiti'
2025-03-16 14:20:40,873 - INFO - Inserted batch of 100 documents
2025-03-16 14:20:42,694 - INFO - inserting 100 documents in 'prachiti'
2025-03-16 14:20:42,695 - INFO - insertMany(chunk) on 'prachiti'
2025-03-16 14:20:42,696 - INFO - insertMany(chunk) on 'prachiti'
2025-03-16 14:20:43,400 - INFO - HTTP Request: POST https://81e88ab0-fca8-4540-9149-44a6f68fe277-us-east-2.apps.astra.datastax.com/api/json/v1/default_keyspace/prachiti "HTTP/1.1 200 OK"
2025-03-16 14:20:43,400 - INFO - finished insertMany(chunk) on 'prachiti'
2025-03-16 14:20:43,832 - INFO - HTTP Request: POST https://81e88ab0-fca8-4540-9149-44a6f68fe277-us-east-2.apps.astra.datastax.com/api/json/v1/default_keyspace/prachiti "HTTP/1.1 200 OK"
2025-03-16 14:20:43,832 - INFO - finished insertMany(chunk) on 'prachiti'
2025-03-16 14:20:43,832 - INFO - finished inserting 100 documents in 'prachiti'
2025-03-16 14:20:43,832 - INFO - Inserted batch of 100 documents
2025-03-16 14:20:45,593 - INFO - inserting 100 documents in 'prachiti'
2025-03-16 14:20:45,594 - INFO - insertMany(chunk) on 'prachiti'
2025-03-16 14:20:45,601 - INFO - insertMany(chunk) on 'prachiti'
2025-03-16 14:20:45,736 - ERROR - Error inserting batch: Out of range float values are not JSON compliant: nan
2025-03-16 14:20:47,587 - INFO - inserting 100 documents in 'prachiti'
2025-03-16 14:20:47,587 - INFO - insertMany(chunk) on 'prachiti'
2025-03-16 14:20:47,603 - INFO - insertMany(chunk) on 'prachiti'
2025-03-16 14:20:48,206 - INFO - HTTP Request: POST https://81e88ab0-fca8-4540-9149-44a6f68fe277-us-east-2.apps.astra.datastax.com/api/json/v1/default_keyspace/prachiti "HTTP/1.1 200 OK"
2025-03-16 14:20:48,206 - INFO - finished insertMany(chunk) on 'prachiti'
2025-03-16 14:20:48,206 - ERROR - Error inserting batch: Out of range float values are not JSON compliant: nan
2025-03-16 14:20:50,151 - INFO - inserting 100 documents in 'prachiti'
2025-03-16 14:20:50,151 - INFO - insertMany(chunk) on 'prachiti'
2025-03-16 14:20:50,168 - INFO - insertMany(chunk) on 'prachiti'
2025-03-16 14:20:50,774 - INFO - HTTP Request: POST https://81e88ab0-fca8-4540-9149-44a6f68fe277-us-east-2.apps.astra.datastax.com/api/json/v1/default_keyspace/prachiti "HTTP/1.1 200 OK"
2025-03-16 14:20:50,774 - INFO - finished insertMany(chunk) on 'prachiti'
2025-03-16 14:20:50,774 - ERROR - Error inserting batch: Out of range float values are not JSON compliant: nan
2025-03-16 14:20:52,518 - INFO - inserting 100 documents in 'prachiti'
2025-03-16 14:20:52,519 - INFO - insertMany(chunk) on 'prachiti'
2025-03-16 14:20:52,535 - INFO - insertMany(chunk) on 'prachiti'
2025-03-16 14:20:53,030 - INFO - HTTP Request: POST https://81e88ab0-fca8-4540-9149-44a6f68fe277-us-east-2.apps.astra.datastax.com/api/json/v1/default_keyspace/prachiti "HTTP/1.1 200 OK"
2025-03-16 14:20:53,045 - INFO - finished insertMany(chunk) on 'prachiti'
2025-03-16 14:20:53,045 - ERROR - Error inserting batch: Out of range float values are not JSON compliant: nan
2025-03-16 14:20:54,936 - INFO - inserting 100 documents in 'prachiti'
2025-03-16 14:20:54,937 - INFO - insertMany(chunk) on 'prachiti'
2025-03-16 14:20:54,948 - INFO - insertMany(chunk) on 'prachiti'
2025-03-16 14:20:55,533 - INFO - HTTP Request: POST https://81e88ab0-fca8-4540-9149-44a6f68fe277-us-east-2.apps.astra.datastax.com/api/json/v1/default_keyspace/prachiti "HTTP/1.1 200 OK"
2025-03-16 14:20:55,536 - INFO - finished insertMany(chunk) on 'prachiti'
2025-03-16 14:20:57,241 - INFO - HTTP Request: POST https://81e88ab0-fca8-4540-9149-44a6f68fe277-us-east-2.apps.astra.datastax.com/api/json/v1/default_keyspace/prachiti "HTTP/1.1 200 OK"
2025-03-16 14:20:57,241 - INFO - finished insertMany(chunk) on 'prachiti'
2025-03-16 14:20:57,241 - INFO - finished inserting 100 documents in 'prachiti'
2025-03-16 14:20:57,241 - INFO - Inserted batch of 100 documents
2025-03-16 14:20:58,885 - INFO - inserting 100 documents in 'prachiti'
2025-03-16 14:20:58,887 - INFO - insertMany(chunk) on 'prachiti'
2025-03-16 14:20:58,901 - INFO - insertMany(chunk) on 'prachiti'
2025-03-16 14:20:59,667 - INFO - HTTP Request: POST https://81e88ab0-fca8-4540-9149-44a6f68fe277-us-east-2.apps.astra.datastax.com/api/json/v1/default_keyspace/prachiti "HTTP/1.1 200 OK"
2025-03-16 14:20:59,669 - INFO - finished insertMany(chunk) on 'prachiti'
2025-03-16 14:21:00,067 - INFO - HTTP Request: POST https://81e88ab0-fca8-4540-9149-44a6f68fe277-us-east-2.apps.astra.datastax.com/api/json/v1/default_keyspace/prachiti "HTTP/1.1 200 OK"
2025-03-16 14:21:00,068 - INFO - finished insertMany(chunk) on 'prachiti'
2025-03-16 14:21:00,068 - INFO - finished inserting 100 documents in 'prachiti'
2025-03-16 14:21:00,069 - INFO - Inserted batch of 100 documents
2025-03-16 14:21:02,502 - INFO - inserting 100 documents in 'prachiti'
2025-03-16 14:21:02,502 - INFO - insertMany(chunk) on 'prachiti'
2025-03-16 14:21:02,518 - INFO - insertMany(chunk) on 'prachiti'
2025-03-16 14:21:03,052 - INFO - HTTP Request: POST https://81e88ab0-fca8-4540-9149-44a6f68fe277-us-east-2.apps.astra.datastax.com/api/json/v1/default_keyspace/prachiti "HTTP/1.1 200 OK"
2025-03-16 14:21:03,054 - INFO - finished insertMany(chunk) on 'prachiti'
2025-03-16 14:21:03,605 - INFO - HTTP Request: POST https://81e88ab0-fca8-4540-9149-44a6f68fe277-us-east-2.apps.astra.datastax.com/api/json/v1/default_keyspace/prachiti "HTTP/1.1 200 OK"
2025-03-16 14:21:03,605 - INFO - finished insertMany(chunk) on 'prachiti'
2025-03-16 14:21:03,605 - INFO - finished inserting 100 documents in 'prachiti'
2025-03-16 14:21:03,605 - INFO - Inserted batch of 100 documents
2025-03-16 14:21:05,275 - INFO - inserting 100 documents in 'prachiti'
2025-03-16 14:21:05,277 - INFO - insertMany(chunk) on 'prachiti'
2025-03-16 14:21:05,288 - INFO - insertMany(chunk) on 'prachiti'
2025-03-16 14:21:05,860 - INFO - HTTP Request: POST https://81e88ab0-fca8-4540-9149-44a6f68fe277-us-east-2.apps.astra.datastax.com/api/json/v1/default_keyspace/prachiti "HTTP/1.1 200 OK"
2025-03-16 14:21:05,860 - INFO - finished insertMany(chunk) on 'prachiti'
2025-03-16 14:21:06,345 - INFO - HTTP Request: POST https://81e88ab0-fca8-4540-9149-44a6f68fe277-us-east-2.apps.astra.datastax.com/api/json/v1/default_keyspace/prachiti "HTTP/1.1 200 OK"
2025-03-16 14:21:06,345 - INFO - finished insertMany(chunk) on 'prachiti'
