2025-02-18 14:41:12,137 - INFO - Use pytorch device_name: cpu
2025-02-18 14:41:12,137 - INFO - Load pretrained SentenceTransformer: all-MiniLM-L6-v2
2025-02-18 14:41:17,849 - INFO - Reading CSV file from datafarmer_cleaned.csv
2025-02-18 14:41:17,912 - INFO - Original columns: ['Domain_Code', 'Domain', 'Area_Code', 'Area', 'Element_Code', 'Element', 'Item_Code', 'Item', 'Year_Code', 'Year', 'Unit', 'Value', 'Flag', 'Flag_Description', 'Note']
2025-02-18 14:41:17,913 - INFO - Available columns: ['Domain_Code', 'Domain', 'Area_Code', 'Area', 'Element_Code', 'Element', 'Item_Code', 'Item', 'Year_Code', 'Year', 'Unit', 'Value', 'Flag', 'Flag_Description', 'Note']
2025-02-18 14:41:17,932 - INFO - Total rows to process: 22597
2025-02-18 14:41:20,445 - INFO - inserting 100 documents in 'prachiti'
2025-02-18 14:41:20,445 - INFO - insertMany(chunk) on 'prachiti'
2025-02-18 14:41:20,459 - INFO - insertMany(chunk) on 'prachiti'
2025-02-18 14:41:23,335 - INFO - HTTP Request: POST https://81e88ab0-fca8-4540-9149-44a6f68fe277-us-east-2.apps.astra.datastax.com/api/json/v1/default_keyspace/prachiti "HTTP/1.1 200 OK"
2025-02-18 14:41:23,335 - INFO - finished insertMany(chunk) on 'prachiti'
2025-02-18 14:41:23,335 - INFO - HTTP Request: POST https://81e88ab0-fca8-4540-9149-44a6f68fe277-us-east-2.apps.astra.datastax.com/api/json/v1/default_keyspace/prachiti "HTTP/1.1 200 OK"
2025-02-18 14:41:23,350 - INFO - finished insertMany(chunk) on 'prachiti'
2025-02-18 14:41:23,351 - INFO - finished inserting 100 documents in 'prachiti'
2025-02-18 14:41:23,351 - INFO - Inserted batch of 100 documents
2025-02-18 14:41:25,382 - INFO - inserting 100 documents in 'prachiti'
2025-02-18 14:41:25,382 - INFO - insertMany(chunk) on 'prachiti'
2025-02-18 14:41:25,392 - INFO - insertMany(chunk) on 'prachiti'
2025-02-18 14:41:27,225 - INFO - HTTP Request: POST https://81e88ab0-fca8-4540-9149-44a6f68fe277-us-east-2.apps.astra.datastax.com/api/json/v1/default_keyspace/prachiti "HTTP/1.1 200 OK"
2025-02-18 14:41:27,225 - INFO - finished insertMany(chunk) on 'prachiti'
2025-02-18 14:41:27,261 - INFO - HTTP Request: POST https://81e88ab0-fca8-4540-9149-44a6f68fe277-us-east-2.apps.astra.datastax.com/api/json/v1/default_keyspace/prachiti "HTTP/1.1 200 OK"
2025-02-18 14:41:27,264 - INFO - finished insertMany(chunk) on 'prachiti'
2025-02-18 14:41:27,265 - INFO - finished inserting 100 documents in 'prachiti'
2025-02-18 14:41:27,266 - INFO - Inserted batch of 100 documents
2025-02-18 14:41:29,354 - INFO - inserting 100 documents in 'prachiti'
2025-02-18 14:41:29,356 - INFO - insertMany(chunk) on 'prachiti'
2025-02-18 14:41:29,377 - INFO - insertMany(chunk) on 'prachiti'
2025-02-18 14:41:31,260 - INFO - HTTP Request: POST https://81e88ab0-fca8-4540-9149-44a6f68fe277-us-east-2.apps.astra.datastax.com/api/json/v1/default_keyspace/prachiti "HTTP/1.1 200 OK"
2025-02-18 14:41:31,260 - INFO - finished insertMany(chunk) on 'prachiti'
2025-02-18 14:41:31,277 - INFO - HTTP Request: POST https://81e88ab0-fca8-4540-9149-44a6f68fe277-us-east-2.apps.astra.datastax.com/api/json/v1/default_keyspace/prachiti "HTTP/1.1 200 OK"
2025-02-18 14:41:31,278 - INFO - finished insertMany(chunk) on 'prachiti'
2025-02-18 14:41:31,279 - INFO - finished inserting 100 documents in 'prachiti'
2025-02-18 14:41:31,280 - INFO - Inserted batch of 100 documents
2025-02-18 14:41:33,057 - INFO - inserting 100 documents in 'prachiti'
2025-02-18 14:41:33,057 - INFO - insertMany(chunk) on 'prachiti'
2025-02-18 14:41:33,073 - INFO - insertMany(chunk) on 'prachiti'
2025-02-18 14:41:34,905 - INFO - HTTP Request: POST https://81e88ab0-fca8-4540-9149-44a6f68fe277-us-east-2.apps.astra.datastax.com/api/json/v1/default_keyspace/prachiti "HTTP/1.1 200 OK"
2025-02-18 14:41:34,905 - INFO - finished insertMany(chunk) on 'prachiti'
2025-02-18 14:41:34,997 - INFO - HTTP Request: POST https://81e88ab0-fca8-4540-9149-44a6f68fe277-us-east-2.apps.astra.datastax.com/api/json/v1/default_keyspace/prachiti "HTTP/1.1 200 OK"
2025-02-18 14:41:35,000 - INFO - finished insertMany(chunk) on 'prachiti'
2025-02-18 14:41:35,001 - INFO - finished inserting 100 documents in 'prachiti'
2025-02-18 14:41:35,003 - INFO - Inserted batch of 100 documents
2025-02-18 14:41:36,805 - INFO - inserting 100 documents in 'prachiti'
2025-02-18 14:41:36,806 - INFO - insertMany(chunk) on 'prachiti'
2025-02-18 14:41:36,820 - INFO - insertMany(chunk) on 'prachiti'
2025-02-18 14:41:38,787 - INFO - HTTP Request: POST https://81e88ab0-fca8-4540-9149-44a6f68fe277-us-east-2.apps.astra.datastax.com/api/json/v1/default_keyspace/prachiti "HTTP/1.1 200 OK"
2025-02-18 14:41:38,787 - INFO - HTTP Request: POST https://81e88ab0-fca8-4540-9149-44a6f68fe277-us-east-2.apps.astra.datastax.com/api/json/v1/default_keyspace/prachiti "HTTP/1.1 200 OK"
2025-02-18 14:41:38,787 - INFO - finished insertMany(chunk) on 'prachiti'
2025-02-18 14:41:38,787 - INFO - finished insertMany(chunk) on 'prachiti'
2025-02-18 14:41:38,806 - INFO - finished inserting 100 documents in 'prachiti'
2025-02-18 14:41:38,807 - INFO - Inserted batch of 100 documents
2025-02-18 14:41:40,707 - INFO - inserting 100 documents in 'prachiti'
2025-02-18 14:41:40,707 - INFO - insertMany(chunk) on 'prachiti'
2025-02-18 14:41:40,722 - INFO - insertMany(chunk) on 'prachiti'
2025-02-18 14:41:42,536 - INFO - HTTP Request: POST https://81e88ab0-fca8-4540-9149-44a6f68fe277-us-east-2.apps.astra.datastax.com/api/json/v1/default_keyspace/prachiti "HTTP/1.1 200 OK"
2025-02-18 14:41:42,537 - INFO - finished insertMany(chunk) on 'prachiti'
2025-02-18 14:41:42,606 - INFO - HTTP Request: POST https://81e88ab0-fca8-4540-9149-44a6f68fe277-us-east-2.apps.astra.datastax.com/api/json/v1/default_keyspace/prachiti "HTTP/1.1 200 OK"
2025-02-18 14:41:42,609 - INFO - finished insertMany(chunk) on 'prachiti'
2025-02-18 14:41:42,610 - INFO - finished inserting 100 documents in 'prachiti'
2025-02-18 14:41:42,611 - INFO - Inserted batch of 100 documents
2025-02-18 14:41:44,474 - INFO - inserting 100 documents in 'prachiti'
2025-02-18 14:41:44,474 - INFO - insertMany(chunk) on 'prachiti'
2025-02-18 14:41:44,490 - INFO - insertMany(chunk) on 'prachiti'
2025-02-18 14:41:46,323 - INFO - HTTP Request: POST https://81e88ab0-fca8-4540-9149-44a6f68fe277-us-east-2.apps.astra.datastax.com/api/json/v1/default_keyspace/prachiti "HTTP/1.1 200 OK"
2025-02-18 14:41:46,323 - INFO - finished insertMany(chunk) on 'prachiti'
2025-02-18 14:41:46,424 - INFO - HTTP Request: POST https://81e88ab0-fca8-4540-9149-44a6f68fe277-us-east-2.apps.astra.datastax.com/api/json/v1/default_keyspace/prachiti "HTTP/1.1 200 OK"
2025-02-18 14:41:46,427 - INFO - finished insertMany(chunk) on 'prachiti'
2025-02-18 14:41:46,427 - INFO - finished inserting 100 documents in 'prachiti'
2025-02-18 14:41:46,427 - INFO - Inserted batch of 100 documents
2025-02-18 14:41:48,274 - INFO - inserting 100 documents in 'prachiti'
2025-02-18 14:41:48,274 - INFO - insertMany(chunk) on 'prachiti'
2025-02-18 14:41:48,292 - INFO - insertMany(chunk) on 'prachiti'
2025-02-18 14:41:50,205 - INFO - HTTP Request: POST https://81e88ab0-fca8-4540-9149-44a6f68fe277-us-east-2.apps.astra.datastax.com/api/json/v1/default_keyspace/prachiti "HTTP/1.1 200 OK"
2025-02-18 14:41:50,207 - INFO - finished insertMany(chunk) on 'prachiti'
2025-02-18 14:41:50,209 - INFO - HTTP Request: POST https://81e88ab0-fca8-4540-9149-44a6f68fe277-us-east-2.apps.astra.datastax.com/api/json/v1/default_keyspace/prachiti "HTTP/1.1 200 OK"
2025-02-18 14:41:50,209 - INFO - finished insertMany(chunk) on 'prachiti'
2025-02-18 14:41:50,209 - INFO - finished inserting 100 documents in 'prachiti'
2025-02-18 14:41:50,209 - INFO - Inserted batch of 100 documents
2025-02-18 14:41:51,925 - INFO - inserting 100 documents in 'prachiti'
2025-02-18 14:41:51,933 - INFO - insertMany(chunk) on 'prachiti'
2025-02-18 14:41:51,938 - INFO - insertMany(chunk) on 'prachiti'
2025-02-18 14:41:53,843 - INFO - HTTP Request: POST https://81e88ab0-fca8-4540-9149-44a6f68fe277-us-east-2.apps.astra.datastax.com/api/json/v1/default_keyspace/prachiti "HTTP/1.1 200 OK"
2025-02-18 14:41:53,843 - INFO - finished insertMany(chunk) on 'prachiti'
2025-02-18 14:41:53,860 - INFO - HTTP Request: POST https://81e88ab0-fca8-4540-9149-44a6f68fe277-us-east-2.apps.astra.datastax.com/api/json/v1/default_keyspace/prachiti "HTTP/1.1 200 OK"
2025-02-18 14:41:53,862 - INFO - finished insertMany(chunk) on 'prachiti'
2025-02-18 14:41:53,864 - INFO - finished inserting 100 documents in 'prachiti'
2025-02-18 14:41:53,866 - INFO - Inserted batch of 100 documents
2025-02-18 14:41:55,805 - INFO - inserting 100 documents in 'prachiti'
2025-02-18 14:41:55,807 - INFO - insertMany(chunk) on 'prachiti'
2025-02-18 14:41:55,822 - INFO - insertMany(chunk) on 'prachiti'
2025-02-18 14:41:57,721 - INFO - HTTP Request: POST https://81e88ab0-fca8-4540-9149-44a6f68fe277-us-east-2.apps.astra.datastax.com/api/json/v1/default_keyspace/prachiti "HTTP/1.1 200 OK"
2025-02-18 14:41:57,723 - INFO - finished insertMany(chunk) on 'prachiti'
2025-02-18 14:41:58,351 - INFO - HTTP Request: POST https://81e88ab0-fca8-4540-9149-44a6f68fe277-us-east-2.apps.astra.datastax.com/api/json/v1/default_keyspace/prachiti "HTTP/1.1 200 OK"
2025-02-18 14:41:58,354 - INFO - finished insertMany(chunk) on 'prachiti'
2025-02-18 14:41:58,355 - INFO - finished inserting 100 documents in 'prachiti'
2025-02-18 14:41:58,356 - INFO - Inserted batch of 100 documents
2025-02-18 14:42:00,521 - INFO - inserting 100 documents in 'prachiti'
2025-02-18 14:42:00,523 - INFO - insertMany(chunk) on 'prachiti'
2025-02-18 14:42:00,538 - INFO - insertMany(chunk) on 'prachiti'
2025-02-18 14:42:02,494 - INFO - HTTP Request: POST https://81e88ab0-fca8-4540-9149-44a6f68fe277-us-east-2.apps.astra.datastax.com/api/json/v1/default_keyspace/prachiti "HTTP/1.1 200 OK"
2025-02-18 14:42:02,494 - INFO - HTTP Request: POST https://81e88ab0-fca8-4540-9149-44a6f68fe277-us-east-2.apps.astra.datastax.com/api/json/v1/default_keyspace/prachiti "HTTP/1.1 200 OK"
2025-02-18 14:42:02,504 - INFO - finished insertMany(chunk) on 'prachiti'
2025-02-18 14:42:02,505 - INFO - finished insertMany(chunk) on 'prachiti'
2025-02-18 14:42:02,506 - INFO - finished inserting 100 documents in 'prachiti'
2025-02-18 14:42:02,507 - INFO - Inserted batch of 100 documents
2025-02-18 14:42:04,507 - INFO - inserting 100 documents in 'prachiti'
2025-02-18 14:42:04,508 - INFO - insertMany(chunk) on 'prachiti'
2025-02-18 14:42:04,522 - INFO - insertMany(chunk) on 'prachiti'
2025-02-18 14:42:06,387 - INFO - HTTP Request: POST https://81e88ab0-fca8-4540-9149-44a6f68fe277-us-east-2.apps.astra.datastax.com/api/json/v1/default_keyspace/prachiti "HTTP/1.1 200 OK"
2025-02-18 14:42:06,387 - INFO - finished insertMany(chunk) on 'prachiti'
2025-02-18 14:42:06,409 - INFO - HTTP Request: POST https://81e88ab0-fca8-4540-9149-44a6f68fe277-us-east-2.apps.astra.datastax.com/api/json/v1/default_keyspace/prachiti "HTTP/1.1 200 OK"
2025-02-18 14:42:06,409 - INFO - finished insertMany(chunk) on 'prachiti'
2025-02-18 14:42:06,418 - INFO - finished inserting 100 documents in 'prachiti'
2025-02-18 14:42:06,418 - INFO - Inserted batch of 100 documents
2025-02-18 14:42:08,626 - INFO - inserting 100 documents in 'prachiti'
2025-02-18 14:42:08,627 - INFO - insertMany(chunk) on 'prachiti'
2025-02-18 14:42:08,637 - INFO - insertMany(chunk) on 'prachiti'
2025-02-18 14:42:10,622 - INFO - HTTP Request: POST https://81e88ab0-fca8-4540-9149-44a6f68fe277-us-east-2.apps.astra.datastax.com/api/json/v1/default_keyspace/prachiti "HTTP/1.1 200 OK"
2025-02-18 14:42:10,622 - INFO - HTTP Request: POST https://81e88ab0-fca8-4540-9149-44a6f68fe277-us-east-2.apps.astra.datastax.com/api/json/v1/default_keyspace/prachiti "HTTP/1.1 200 OK"
2025-02-18 14:42:10,622 - INFO - finished insertMany(chunk) on 'prachiti'
2025-02-18 14:42:10,622 - INFO - finished insertMany(chunk) on 'prachiti'
2025-02-18 14:42:10,622 - INFO - finished inserting 100 documents in 'prachiti'
2025-02-18 14:42:10,622 - INFO - Inserted batch of 100 documents
2025-02-18 14:42:12,610 - INFO - inserting 100 documents in 'prachiti'
2025-02-18 14:42:12,610 - INFO - insertMany(chunk) on 'prachiti'
2025-02-18 14:42:12,636 - INFO - insertMany(chunk) on 'prachiti'
2025-02-18 14:42:14,490 - INFO - HTTP Request: POST https://81e88ab0-fca8-4540-9149-44a6f68fe277-us-east-2.apps.astra.datastax.com/api/json/v1/default_keyspace/prachiti "HTTP/1.1 200 OK"
2025-02-18 14:42:14,491 - INFO - finished insertMany(chunk) on 'prachiti'
2025-02-18 14:42:14,558 - INFO - HTTP Request: POST https://81e88ab0-fca8-4540-9149-44a6f68fe277-us-east-2.apps.astra.datastax.com/api/json/v1/default_keyspace/prachiti "HTTP/1.1 200 OK"
2025-02-18 14:42:14,559 - INFO - finished insertMany(chunk) on 'prachiti'
2025-02-18 14:42:14,560 - INFO - finished inserting 100 documents in 'prachiti'
2025-02-18 14:42:14,560 - INFO - Inserted batch of 100 documents
2025-02-18 14:42:16,980 - INFO - inserting 100 documents in 'prachiti'
2025-02-18 14:42:16,980 - INFO - insertMany(chunk) on 'prachiti'
2025-02-18 14:42:17,004 - INFO - insertMany(chunk) on 'prachiti'
2025-02-18 14:42:18,741 - INFO - HTTP Request: POST https://81e88ab0-fca8-4540-9149-44a6f68fe277-us-east-2.apps.astra.datastax.com/api/json/v1/default_keyspace/prachiti "HTTP/1.1 200 OK"
2025-02-18 14:42:18,741 - INFO - finished insertMany(chunk) on 'prachiti'
2025-02-18 14:42:18,905 - INFO - HTTP Request: POST https://81e88ab0-fca8-4540-9149-44a6f68fe277-us-east-2.apps.astra.datastax.com/api/json/v1/default_keyspace/prachiti "HTTP/1.1 200 OK"
2025-02-18 14:42:18,907 - INFO - finished insertMany(chunk) on 'prachiti'
2025-02-18 14:42:18,908 - INFO - finished inserting 100 documents in 'prachiti'
2025-02-18 14:42:18,908 - INFO - Inserted batch of 100 documents
2025-02-18 14:42:20,728 - INFO - inserting 100 documents in 'prachiti'
2025-02-18 14:42:20,738 - INFO - insertMany(chunk) on 'prachiti'
2025-02-18 14:42:20,753 - INFO - insertMany(chunk) on 'prachiti'
2025-02-18 14:42:22,638 - INFO - HTTP Request: POST https://81e88ab0-fca8-4540-9149-44a6f68fe277-us-east-2.apps.astra.datastax.com/api/json/v1/default_keyspace/prachiti "HTTP/1.1 200 OK"
2025-02-18 14:42:22,638 - INFO - finished insertMany(chunk) on 'prachiti'
2025-02-18 14:42:22,673 - INFO - HTTP Request: POST https://81e88ab0-fca8-4540-9149-44a6f68fe277-us-east-2.apps.astra.datastax.com/api/json/v1/default_keyspace/prachiti "HTTP/1.1 200 OK"
2025-02-18 14:42:22,673 - INFO - finished insertMany(chunk) on 'prachiti'
2025-02-18 14:42:22,673 - INFO - finished inserting 100 documents in 'prachiti'
2025-02-18 14:42:22,673 - INFO - Inserted batch of 100 documents
2025-02-18 14:42:24,653 - INFO - inserting 100 documents in 'prachiti'
2025-02-18 14:42:24,653 - INFO - insertMany(chunk) on 'prachiti'
2025-02-18 14:42:24,664 - INFO - insertMany(chunk) on 'prachiti'
2025-02-18 14:42:26,574 - INFO - HTTP Request: POST https://81e88ab0-fca8-4540-9149-44a6f68fe277-us-east-2.apps.astra.datastax.com/api/json/v1/default_keyspace/prachiti "HTTP/1.1 200 OK"
2025-02-18 14:42:26,574 - INFO - finished insertMany(chunk) on 'prachiti'
2025-02-18 14:42:26,608 - INFO - HTTP Request: POST https://81e88ab0-fca8-4540-9149-44a6f68fe277-us-east-2.apps.astra.datastax.com/api/json/v1/default_keyspace/prachiti "HTTP/1.1 200 OK"
2025-02-18 14:42:26,610 - INFO - finished insertMany(chunk) on 'prachiti'
2025-02-18 14:42:26,611 - INFO - finished inserting 100 documents in 'prachiti'
2025-02-18 14:42:26,611 - INFO - Inserted batch of 100 documents
2025-02-18 14:42:28,915 - INFO - inserting 100 documents in 'prachiti'
2025-02-18 14:42:28,915 - INFO - insertMany(chunk) on 'prachiti'
2025-02-18 14:42:28,926 - INFO - insertMany(chunk) on 'prachiti'
2025-02-18 14:42:30,874 - INFO - HTTP Request: POST https://81e88ab0-fca8-4540-9149-44a6f68fe277-us-east-2.apps.astra.datastax.com/api/json/v1/default_keyspace/prachiti "HTTP/1.1 200 OK"
2025-02-18 14:42:30,874 - INFO - finished insertMany(chunk) on 'prachiti'
2025-02-18 14:42:30,889 - INFO - HTTP Request: POST https://81e88ab0-fca8-4540-9149-44a6f68fe277-us-east-2.apps.astra.datastax.com/api/json/v1/default_keyspace/prachiti "HTTP/1.1 200 OK"
2025-02-18 14:42:30,890 - INFO - finished insertMany(chunk) on 'prachiti'
2025-02-18 14:42:30,891 - INFO - finished inserting 100 documents in 'prachiti'
2025-02-18 14:42:30,892 - INFO - Inserted batch of 100 documents
2025-02-18 14:42:33,025 - INFO - inserting 100 documents in 'prachiti'
2025-02-18 14:42:33,035 - INFO - insertMany(chunk) on 'prachiti'
2025-02-18 14:42:33,052 - INFO - insertMany(chunk) on 'prachiti'
2025-02-18 14:42:34,948 - INFO - HTTP Request: POST https://81e88ab0-fca8-4540-9149-44a6f68fe277-us-east-2.apps.astra.datastax.com/api/json/v1/default_keyspace/prachiti "HTTP/1.1 200 OK"
2025-02-18 14:42:34,948 - INFO - finished insertMany(chunk) on 'prachiti'
2025-02-18 14:42:34,948 - INFO - HTTP Request: POST https://81e88ab0-fca8-4540-9149-44a6f68fe277-us-east-2.apps.astra.datastax.com/api/json/v1/default_keyspace/prachiti "HTTP/1.1 200 OK"
2025-02-18 14:42:34,948 - INFO - finished insertMany(chunk) on 'prachiti'
2025-02-18 14:42:34,962 - INFO - finished inserting 100 documents in 'prachiti'
2025-02-18 14:42:34,963 - INFO - Inserted batch of 100 documents
2025-02-18 14:42:36,989 - INFO - inserting 100 documents in 'prachiti'
2025-02-18 14:42:36,989 - INFO - insertMany(chunk) on 'prachiti'
2025-02-18 14:42:36,989 - INFO - insertMany(chunk) on 'prachiti'
2025-02-18 14:42:38,825 - INFO - HTTP Request: POST https://81e88ab0-fca8-4540-9149-44a6f68fe277-us-east-2.apps.astra.datastax.com/api/json/v1/default_keyspace/prachiti "HTTP/1.1 200 OK"
2025-02-18 14:42:38,833 - INFO - finished insertMany(chunk) on 'prachiti'
2025-02-18 14:42:38,855 - INFO - HTTP Request: POST https://81e88ab0-fca8-4540-9149-44a6f68fe277-us-east-2.apps.astra.datastax.com/api/json/v1/default_keyspace/prachiti "HTTP/1.1 200 OK"
2025-02-18 14:42:38,860 - INFO - finished insertMany(chunk) on 'prachiti'
