2025-02-18 13:16:16,728 - INFO - Use pytorch device_name: cpu
2025-02-18 13:16:16,728 - INFO - Load pretrained SentenceTransformer: all-MiniLM-L6-v2
2025-02-18 13:16:21,874 - INFO - Reading CSV file from datafarmer_cleaned.csv
2025-02-18 13:16:21,999 - INFO - Original columns: ['Domain_Code', 'Domain', 'Area_Code', 'Area', 'Element_Code', 'Element', 'Item_Code', 'Item', 'Year_Code', 'Year', 'Unit', 'Value', 'Flag', 'Flag_Description', 'Note']
2025-02-18 13:16:21,999 - INFO - Available columns: ['Domain_Code', 'Domain', 'Area_Code', 'Area', 'Element_Code', 'Element', 'Item_Code', 'Item', 'Year_Code', 'Year', 'Unit', 'Value', 'Flag', 'Flag_Description', 'Note']
2025-02-18 13:16:22,047 - INFO - Total rows to process: 22597
2025-02-18 13:16:23,141 - ERROR - Error processing row: 'Domain Code'
Row data: {'Domain_Code': 'QCL', 'Domain': 'Crops and livestock products', 'Area_Code': 356, 'Area': 'India', 'Element_Code': 5312, 'Element': 'Area harvested', 'Item_Code': '01654', 'Item': 'Anise, badian, coriander, cumin, caraway, fennel and juniper berries, raw', 'Year_Code': 1961, 'Year': 1961, 'Unit': 'ha', 'Value': 90000.0, 'Flag': 'E', 'Flag_Description': 'Estimated value', 'Note': ''}
2025-02-18 13:16:23,174 - ERROR - Error processing row: 'Domain Code'
Row data: {'Domain_Code': 'QCL', 'Domain': 'Crops and livestock products', 'Area_Code': 356, 'Area': 'India', 'Element_Code': 5412, 'Element': 'Yield', 'Item_Code': '01654', 'Item': 'Anise, badian, coriander, cumin, caraway, fennel and juniper berries, raw', 'Year_Code': 1961, 'Year': 1961, 'Unit': 'kg/ha', 'Value': 500.0, 'Flag': 'E', 'Flag_Description': 'Estimated value', 'Note': ''}
2025-02-18 13:16:23,205 - ERROR - Error processing row: 'Domain Code'
Row data: {'Domain_Code': 'QCL', 'Domain': 'Crops and livestock products', 'Area_Code': 356, 'Area': 'India', 'Element_Code': 5510, 'Element': 'Production', 'Item_Code': '01654', 'Item': 'Anise, badian, coriander, cumin, caraway, fennel and juniper berries, raw', 'Year_Code': 1961, 'Year': 1961, 'Unit': 't', 'Value': 45000.0, 'Flag': 'E', 'Flag_Description': 'Estimated value', 'Note': ''}
2025-02-18 13:16:23,234 - ERROR - Error processing row: 'Domain Code'
Row data: {'Domain_Code': 'QCL', 'Domain': 'Crops and livestock products', 'Area_Code': 356, 'Area': 'India', 'Element_Code': 5312, 'Element': 'Area harvested', 'Item_Code': '01654', 'Item': 'Anise, badian, coriander, cumin, caraway, fennel and juniper berries, raw', 'Year_Code': 1962, 'Year': 1962, 'Unit': 'ha', 'Value': 90000.0, 'Flag': 'E', 'Flag_Description': 'Estimated value', 'Note': ''}
2025-02-18 13:16:23,265 - ERROR - Error processing row: 'Domain Code'
Row data: {'Domain_Code': 'QCL', 'Domain': 'Crops and livestock products', 'Area_Code': 356, 'Area': 'India', 'Element_Code': 5412, 'Element': 'Yield', 'Item_Code': '01654', 'Item': 'Anise, badian, coriander, cumin, caraway, fennel and juniper berries, raw', 'Year_Code': 1962, 'Year': 1962, 'Unit': 'kg/ha', 'Value': 500.0, 'Flag': 'E', 'Flag_Description': 'Estimated value', 'Note': ''}
2025-02-18 13:16:23,298 - ERROR - Error processing row: 'Domain Code'
Row data: {'Domain_Code': 'QCL', 'Domain': 'Crops and livestock products', 'Area_Code': 356, 'Area': 'India', 'Element_Code': 5510, 'Element': 'Production', 'Item_Code': '01654', 'Item': 'Anise, badian, coriander, cumin, caraway, fennel and juniper berries, raw', 'Year_Code': 1962, 'Year': 1962, 'Unit': 't', 'Value': 45000.0, 'Flag': 'E', 'Flag_Description': 'Estimated value', 'Note': ''}
2025-02-18 13:16:23,323 - ERROR - Error processing row: 'Domain Code'
Row data: {'Domain_Code': 'QCL', 'Domain': 'Crops and livestock products', 'Area_Code': 356, 'Area': 'India', 'Element_Code': 5312, 'Element': 'Area harvested', 'Item_Code': '01654', 'Item': 'Anise, badian, coriander, cumin, caraway, fennel and juniper berries, raw', 'Year_Code': 1963, 'Year': 1963, 'Unit': 'ha', 'Value': 100000.0, 'Flag': 'E', 'Flag_Description': 'Estimated value', 'Note': ''}
2025-02-18 13:16:23,352 - ERROR - Error processing row: 'Domain Code'
Row data: {'Domain_Code': 'QCL', 'Domain': 'Crops and livestock products', 'Area_Code': 356, 'Area': 'India', 'Element_Code': 5412, 'Element': 'Yield', 'Item_Code': '01654', 'Item': 'Anise, badian, coriander, cumin, caraway, fennel and juniper berries, raw', 'Year_Code': 1963, 'Year': 1963, 'Unit': 'kg/ha', 'Value': 500.0, 'Flag': 'E', 'Flag_Description': 'Estimated value', 'Note': ''}
2025-02-18 13:16:23,376 - ERROR - Error processing row: 'Domain Code'
Row data: {'Domain_Code': 'QCL', 'Domain': 'Crops and livestock products', 'Area_Code': 356, 'Area': 'India', 'Element_Code': 5510, 'Element': 'Production', 'Item_Code': '01654', 'Item': 'Anise, badian, coriander, cumin, caraway, fennel and juniper berries, raw', 'Year_Code': 1963, 'Year': 1963, 'Unit': 't', 'Value': 50000.0, 'Flag': 'E', 'Flag_Description': 'Estimated value', 'Note': ''}
2025-02-18 13:16:23,399 - ERROR - Error processing row: 'Domain Code'
Row data: {'Domain_Code': 'QCL', 'Domain': 'Crops and livestock products', 'Area_Code': 356, 'Area': 'India', 'Element_Code': 5312, 'Element': 'Area harvested', 'Item_Code': '01654', 'Item': 'Anise, badian, coriander, cumin, caraway, fennel and juniper berries, raw', 'Year_Code': 1964, 'Year': 1964, 'Unit': 'ha', 'Value': 100000.0, 'Flag': 'E', 'Flag_Description': 'Estimated value', 'Note': ''}
2025-02-18 13:16:23,423 - ERROR - Error processing row: 'Domain Code'
Row data: {'Domain_Code': 'QCL', 'Domain': 'Crops and livestock products', 'Area_Code': 356, 'Area': 'India', 'Element_Code': 5412, 'Element': 'Yield', 'Item_Code': '01654', 'Item': 'Anise, badian, coriander, cumin, caraway, fennel and juniper berries, raw', 'Year_Code': 1964, 'Year': 1964, 'Unit': 'kg/ha', 'Value': 500.0, 'Flag': 'E', 'Flag_Description': 'Estimated value', 'Note': ''}
2025-02-18 13:16:23,445 - ERROR - Error processing row: 'Domain Code'
Row data: {'Domain_Code': 'QCL', 'Domain': 'Crops and livestock products', 'Area_Code': 356, 'Area': 'India', 'Element_Code': 5510, 'Element': 'Production', 'Item_Code': '01654', 'Item': 'Anise, badian, coriander, cumin, caraway, fennel and juniper berries, raw', 'Year_Code': 1964, 'Year': 1964, 'Unit': 't', 'Value': 50000.0, 'Flag': 'E', 'Flag_Description': 'Estimated value', 'Note': ''}
2025-02-18 13:16:23,479 - ERROR - Error processing row: 'Domain Code'
Row data: {'Domain_Code': 'QCL', 'Domain': 'Crops and livestock products', 'Area_Code': 356, 'Area': 'India', 'Element_Code': 5312, 'Element': 'Area harvested', 'Item_Code': '01654', 'Item': 'Anise, badian, coriander, cumin, caraway, fennel and juniper berries, raw', 'Year_Code': 1965, 'Year': 1965, 'Unit': 'ha', 'Value': 100000.0, 'Flag': 'E', 'Flag_Description': 'Estimated value', 'Note': ''}
2025-02-18 13:16:23,510 - ERROR - Error processing row: 'Domain Code'
Row data: {'Domain_Code': 'QCL', 'Domain': 'Crops and livestock products', 'Area_Code': 356, 'Area': 'India', 'Element_Code': 5412, 'Element': 'Yield', 'Item_Code': '01654', 'Item': 'Anise, badian, coriander, cumin, caraway, fennel and juniper berries, raw', 'Year_Code': 1965, 'Year': 1965, 'Unit': 'kg/ha', 'Value': 500.0, 'Flag': 'E', 'Flag_Description': 'Estimated value', 'Note': ''}
2025-02-18 13:16:23,536 - ERROR - Error processing row: 'Domain Code'
Row data: {'Domain_Code': 'QCL', 'Domain': 'Crops and livestock products', 'Area_Code': 356, 'Area': 'India', 'Element_Code': 5510, 'Element': 'Production', 'Item_Code': '01654', 'Item': 'Anise, badian, coriander, cumin, caraway, fennel and juniper berries, raw', 'Year_Code': 1965, 'Year': 1965, 'Unit': 't', 'Value': 50000.0, 'Flag': 'E', 'Flag_Description': 'Estimated value', 'Note': ''}
2025-02-18 13:16:23,557 - ERROR - Error processing row: 'Domain Code'
Row data: {'Domain_Code': 'QCL', 'Domain': 'Crops and livestock products', 'Area_Code': 356, 'Area': 'India', 'Element_Code': 5312, 'Element': 'Area harvested', 'Item_Code': '01654', 'Item': 'Anise, badian, coriander, cumin, caraway, fennel and juniper berries, raw', 'Year_Code': 1966, 'Year': 1966, 'Unit': 'ha', 'Value': 97000.0, 'Flag': 'E', 'Flag_Description': 'Estimated value', 'Note': ''}
2025-02-18 13:16:23,576 - ERROR - Error processing row: 'Domain Code'
Row data: {'Domain_Code': 'QCL', 'Domain': 'Crops and livestock products', 'Area_Code': 356, 'Area': 'India', 'Element_Code': 5412, 'Element': 'Yield', 'Item_Code': '01654', 'Item': 'Anise, badian, coriander, cumin, caraway, fennel and juniper berries, raw', 'Year_Code': 1966, 'Year': 1966, 'Unit': 'kg/ha', 'Value': 494.8, 'Flag': 'E', 'Flag_Description': 'Estimated value', 'Note': ''}
2025-02-18 13:16:23,608 - ERROR - Error processing row: 'Domain Code'
Row data: {'Domain_Code': 'QCL', 'Domain': 'Crops and livestock products', 'Area_Code': 356, 'Area': 'India', 'Element_Code': 5510, 'Element': 'Production', 'Item_Code': '01654', 'Item': 'Anise, badian, coriander, cumin, caraway, fennel and juniper berries, raw', 'Year_Code': 1966, 'Year': 1966, 'Unit': 't', 'Value': 48000.0, 'Flag': 'E', 'Flag_Description': 'Estimated value', 'Note': ''}
2025-02-18 13:16:23,630 - ERROR - Error processing row: 'Domain Code'
Row data: {'Domain_Code': 'QCL', 'Domain': 'Crops and livestock products', 'Area_Code': 356, 'Area': 'India', 'Element_Code': 5312, 'Element': 'Area harvested', 'Item_Code': '01654', 'Item': 'Anise, badian, coriander, cumin, caraway, fennel and juniper berries, raw', 'Year_Code': 1967, 'Year': 1967, 'Unit': 'ha', 'Value': 97000.0, 'Flag': 'E', 'Flag_Description': 'Estimated value', 'Note': ''}
2025-02-18 13:16:23,665 - ERROR - Error processing row: 'Domain Code'
Row data: {'Domain_Code': 'QCL', 'Domain': 'Crops and livestock products', 'Area_Code': 356, 'Area': 'India', 'Element_Code': 5412, 'Element': 'Yield', 'Item_Code': '01654', 'Item': 'Anise, badian, coriander, cumin, caraway, fennel and juniper berries, raw', 'Year_Code': 1967, 'Year': 1967, 'Unit': 'kg/ha', 'Value': 494.8, 'Flag': 'E', 'Flag_Description': 'Estimated value', 'Note': ''}
2025-02-18 13:16:23,693 - ERROR - Error processing row: 'Domain Code'
Row data: {'Domain_Code': 'QCL', 'Domain': 'Crops and livestock products', 'Area_Code': 356, 'Area': 'India', 'Element_Code': 5510, 'Element': 'Production', 'Item_Code': '01654', 'Item': 'Anise, badian, coriander, cumin, caraway, fennel and juniper berries, raw', 'Year_Code': 1967, 'Year': 1967, 'Unit': 't', 'Value': 48000.0, 'Flag': 'E', 'Flag_Description': 'Estimated value', 'Note': ''}
2025-02-18 13:16:23,723 - ERROR - Error processing row: 'Domain Code'
Row data: {'Domain_Code': 'QCL', 'Domain': 'Crops and livestock products', 'Area_Code': 356, 'Area': 'India', 'Element_Code': 5312, 'Element': 'Area harvested', 'Item_Code': '01654', 'Item': 'Anise, badian, coriander, cumin, caraway, fennel and juniper berries, raw', 'Year_Code': 1968, 'Year': 1968, 'Unit': 'ha', 'Value': 97000.0, 'Flag': 'E', 'Flag_Description': 'Estimated value', 'Note': ''}
2025-02-18 13:16:23,740 - ERROR - Error processing row: 'Domain Code'
Row data: {'Domain_Code': 'QCL', 'Domain': 'Crops and livestock products', 'Area_Code': 356, 'Area': 'India', 'Element_Code': 5412, 'Element': 'Yield', 'Item_Code': '01654', 'Item': 'Anise, badian, coriander, cumin, caraway, fennel and juniper berries, raw', 'Year_Code': 1968, 'Year': 1968, 'Unit': 'kg/ha', 'Value': 494.8, 'Flag': 'E', 'Flag_Description': 'Estimated value', 'Note': ''}
2025-02-18 13:16:23,772 - ERROR - Error processing row: 'Domain Code'
Row data: {'Domain_Code': 'QCL', 'Domain': 'Crops and livestock products', 'Area_Code': 356, 'Area': 'India', 'Element_Code': 5510, 'Element': 'Production', 'Item_Code': '01654', 'Item': 'Anise, badian, coriander, cumin, caraway, fennel and juniper berries, raw', 'Year_Code': 1968, 'Year': 1968, 'Unit': 't', 'Value': 48000.0, 'Flag': 'E', 'Flag_Description': 'Estimated value', 'Note': ''}
2025-02-18 13:16:23,791 - ERROR - Error processing row: 'Domain Code'
Row data: {'Domain_Code': 'QCL', 'Domain': 'Crops and livestock products', 'Area_Code': 356, 'Area': 'India', 'Element_Code': 5312, 'Element': 'Area harvested', 'Item_Code': '01654', 'Item': 'Anise, badian, coriander, cumin, caraway, fennel and juniper berries, raw', 'Year_Code': 1969, 'Year': 1969, 'Unit': 'ha', 'Value': 95000.0, 'Flag': 'E', 'Flag_Description': 'Estimated value', 'Note': ''}
2025-02-18 13:16:23,821 - ERROR - Error processing row: 'Domain Code'
Row data: {'Domain_Code': 'QCL', 'Domain': 'Crops and livestock products', 'Area_Code': 356, 'Area': 'India', 'Element_Code': 5412, 'Element': 'Yield', 'Item_Code': '01654', 'Item': 'Anise, badian, coriander, cumin, caraway, fennel and juniper berries, raw', 'Year_Code': 1969, 'Year': 1969, 'Unit': 'kg/ha', 'Value': 452.6, 'Flag': 'E', 'Flag_Description': 'Estimated value', 'Note': ''}
2025-02-18 13:16:23,841 - ERROR - Error processing row: 'Domain Code'
Row data: {'Domain_Code': 'QCL', 'Domain': 'Crops and livestock products', 'Area_Code': 356, 'Area': 'India', 'Element_Code': 5510, 'Element': 'Production', 'Item_Code': '01654', 'Item': 'Anise, badian, coriander, cumin, caraway, fennel and juniper berries, raw', 'Year_Code': 1969, 'Year': 1969, 'Unit': 't', 'Value': 43000.0, 'Flag': 'E', 'Flag_Description': 'Estimated value', 'Note': ''}
2025-02-18 13:16:23,873 - ERROR - Error processing row: 'Domain Code'
Row data: {'Domain_Code': 'QCL', 'Domain': 'Crops and livestock products', 'Area_Code': 356, 'Area': 'India', 'Element_Code': 5312, 'Element': 'Area harvested', 'Item_Code': '01654', 'Item': 'Anise, badian, coriander, cumin, caraway, fennel and juniper berries, raw', 'Year_Code': 1970, 'Year': 1970, 'Unit': 'ha', 'Value': 95000.0, 'Flag': 'E', 'Flag_Description': 'Estimated value', 'Note': ''}
2025-02-18 13:16:23,898 - ERROR - Error processing row: 'Domain Code'
Row data: {'Domain_Code': 'QCL', 'Domain': 'Crops and livestock products', 'Area_Code': 356, 'Area': 'India', 'Element_Code': 5412, 'Element': 'Yield', 'Item_Code': '01654', 'Item': 'Anise, badian, coriander, cumin, caraway, fennel and juniper berries, raw', 'Year_Code': 1970, 'Year': 1970, 'Unit': 'kg/ha', 'Value': 452.6, 'Flag': 'E', 'Flag_Description': 'Estimated value', 'Note': ''}
2025-02-18 13:16:23,922 - ERROR - Error processing row: 'Domain Code'
Row data: {'Domain_Code': 'QCL', 'Domain': 'Crops and livestock products', 'Area_Code': 356, 'Area': 'India', 'Element_Code': 5510, 'Element': 'Production', 'Item_Code': '01654', 'Item': 'Anise, badian, coriander, cumin, caraway, fennel and juniper berries, raw', 'Year_Code': 1970, 'Year': 1970, 'Unit': 't', 'Value': 43000.0, 'Flag': 'E', 'Flag_Description': 'Estimated value', 'Note': ''}
2025-02-18 13:16:23,942 - ERROR - Error processing row: 'Domain Code'
Row data: {'Domain_Code': 'QCL', 'Domain': 'Crops and livestock products', 'Area_Code': 356, 'Area': 'India', 'Element_Code': 5312, 'Element': 'Area harvested', 'Item_Code': '01654', 'Item': 'Anise, badian, coriander, cumin, caraway, fennel and juniper berries, raw', 'Year_Code': 1971, 'Year': 1971, 'Unit': 'ha', 'Value': 95000.0, 'Flag': 'E', 'Flag_Description': 'Estimated value', 'Note': ''}
2025-02-18 13:16:23,972 - ERROR - Error processing row: 'Domain Code'
Row data: {'Domain_Code': 'QCL', 'Domain': 'Crops and livestock products', 'Area_Code': 356, 'Area': 'India', 'Element_Code': 5412, 'Element': 'Yield', 'Item_Code': '01654', 'Item': 'Anise, badian, coriander, cumin, caraway, fennel and juniper berries, raw', 'Year_Code': 1971, 'Year': 1971, 'Unit': 'kg/ha', 'Value': 452.6, 'Flag': 'E', 'Flag_Description': 'Estimated value', 'Note': ''}
2025-02-18 13:16:23,992 - ERROR - Error processing row: 'Domain Code'
Row data: {'Domain_Code': 'QCL', 'Domain': 'Crops and livestock products', 'Area_Code': 356, 'Area': 'India', 'Element_Code': 5510, 'Element': 'Production', 'Item_Code': '01654', 'Item': 'Anise, badian, coriander, cumin, caraway, fennel and juniper berries, raw', 'Year_Code': 1971, 'Year': 1971, 'Unit': 't', 'Value': 43000.0, 'Flag': 'E', 'Flag_Description': 'Estimated value', 'Note': ''}
2025-02-18 13:16:24,016 - ERROR - Error processing row: 'Domain Code'
Row data: {'Domain_Code': 'QCL', 'Domain': 'Crops and livestock products', 'Area_Code': 356, 'Area': 'India', 'Element_Code': 5312, 'Element': 'Area harvested', 'Item_Code': '01654', 'Item': 'Anise, badian, coriander, cumin, caraway, fennel and juniper berries, raw', 'Year_Code': 1972, 'Year': 1972, 'Unit': 'ha', 'Value': 104000.0, 'Flag': 'E', 'Flag_Description': 'Estimated value', 'Note': ''}
2025-02-18 13:16:24,042 - ERROR - Error processing row: 'Domain Code'
Row data: {'Domain_Code': 'QCL', 'Domain': 'Crops and livestock products', 'Area_Code': 356, 'Area': 'India', 'Element_Code': 5412, 'Element': 'Yield', 'Item_Code': '01654', 'Item': 'Anise, badian, coriander, cumin, caraway, fennel and juniper berries, raw', 'Year_Code': 1972, 'Year': 1972, 'Unit': 'kg/ha', 'Value': 432.7, 'Flag': 'E', 'Flag_Description': 'Estimated value', 'Note': ''}
2025-02-18 13:16:24,071 - ERROR - Error processing row: 'Domain Code'
Row data: {'Domain_Code': 'QCL', 'Domain': 'Crops and livestock products', 'Area_Code': 356, 'Area': 'India', 'Element_Code': 5510, 'Element': 'Production', 'Item_Code': '01654', 'Item': 'Anise, badian, coriander, cumin, caraway, fennel and juniper berries, raw', 'Year_Code': 1972, 'Year': 1972, 'Unit': 't', 'Value': 45000.0, 'Flag': 'E', 'Flag_Description': 'Estimated value', 'Note': ''}
2025-02-18 13:16:24,090 - ERROR - Error processing row: 'Domain Code'
Row data: {'Domain_Code': 'QCL', 'Domain': 'Crops and livestock products', 'Area_Code': 356, 'Area': 'India', 'Element_Code': 5312, 'Element': 'Area harvested', 'Item_Code': '01654', 'Item': 'Anise, badian, coriander, cumin, caraway, fennel and juniper berries, raw', 'Year_Code': 1973, 'Year': 1973, 'Unit': 'ha', 'Value': 104000.0, 'Flag': 'E', 'Flag_Description': 'Estimated value', 'Note': ''}
2025-02-18 13:16:24,112 - ERROR - Error processing row: 'Domain Code'
Row data: {'Domain_Code': 'QCL', 'Domain': 'Crops and livestock products', 'Area_Code': 356, 'Area': 'India', 'Element_Code': 5412, 'Element': 'Yield', 'Item_Code': '01654', 'Item': 'Anise, badian, coriander, cumin, caraway, fennel and juniper berries, raw', 'Year_Code': 1973, 'Year': 1973, 'Unit': 'kg/ha', 'Value': 432.7, 'Flag': 'E', 'Flag_Description': 'Estimated value', 'Note': ''}
2025-02-18 13:16:24,140 - ERROR - Error processing row: 'Domain Code'
Row data: {'Domain_Code': 'QCL', 'Domain': 'Crops and livestock products', 'Area_Code': 356, 'Area': 'India', 'Element_Code': 5510, 'Element': 'Production', 'Item_Code': '01654', 'Item': 'Anise, badian, coriander, cumin, caraway, fennel and juniper berries, raw', 'Year_Code': 1973, 'Year': 1973, 'Unit': 't', 'Value': 45000.0, 'Flag': 'E', 'Flag_Description': 'Estimated value', 'Note': ''}
2025-02-18 13:16:24,169 - ERROR - Error processing row: 'Domain Code'
Row data: {'Domain_Code': 'QCL', 'Domain': 'Crops and livestock products', 'Area_Code': 356, 'Area': 'India', 'Element_Code': 5312, 'Element': 'Area harvested', 'Item_Code': '01654', 'Item': 'Anise, badian, coriander, cumin, caraway, fennel and juniper berries, raw', 'Year_Code': 1974, 'Year': 1974, 'Unit': 'ha', 'Value': 104000.0, 'Flag': 'E', 'Flag_Description': 'Estimated value', 'Note': ''}
2025-02-18 13:16:24,196 - ERROR - Error processing row: 'Domain Code'
Row data: {'Domain_Code': 'QCL', 'Domain': 'Crops and livestock products', 'Area_Code': 356, 'Area': 'India', 'Element_Code': 5412, 'Element': 'Yield', 'Item_Code': '01654', 'Item': 'Anise, badian, coriander, cumin, caraway, fennel and juniper berries, raw', 'Year_Code': 1974, 'Year': 1974, 'Unit': 'kg/ha', 'Value': 432.7, 'Flag': 'E', 'Flag_Description': 'Estimated value', 'Note': ''}
2025-02-18 13:16:24,221 - ERROR - Error processing row: 'Domain Code'
Row data: {'Domain_Code': 'QCL', 'Domain': 'Crops and livestock products', 'Area_Code': 356, 'Area': 'India', 'Element_Code': 5510, 'Element': 'Production', 'Item_Code': '01654', 'Item': 'Anise, badian, coriander, cumin, caraway, fennel and juniper berries, raw', 'Year_Code': 1974, 'Year': 1974, 'Unit': 't', 'Value': 45000.0, 'Flag': 'E', 'Flag_Description': 'Estimated value', 'Note': ''}
2025-02-18 13:16:24,249 - ERROR - Error processing row: 'Domain Code'
Row data: {'Domain_Code': 'QCL', 'Domain': 'Crops and livestock products', 'Area_Code': 356, 'Area': 'India', 'Element_Code': 5312, 'Element': 'Area harvested', 'Item_Code': '01654', 'Item': 'Anise, badian, coriander, cumin, caraway, fennel and juniper berries, raw', 'Year_Code': 1975, 'Year': 1975, 'Unit': 'ha', 'Value': 103573.0, 'Flag': 'A', 'Flag_Description': 'Official figure', 'Note': ''}
2025-02-18 13:16:24,282 - ERROR - Error processing row: 'Domain Code'
Row data: {'Domain_Code': 'QCL', 'Domain': 'Crops and livestock products', 'Area_Code': 356, 'Area': 'India', 'Element_Code': 5412, 'Element': 'Yield', 'Item_Code': '01654', 'Item': 'Anise, badian, coriander, cumin, caraway, fennel and juniper berries, raw', 'Year_Code': 1975, 'Year': 1975, 'Unit': 'kg/ha', 'Value': 436.1, 'Flag': 'A', 'Flag_Description': 'Official figure', 'Note': ''}
2025-02-18 13:16:24,314 - ERROR - Error processing row: 'Domain Code'
Row data: {'Domain_Code': 'QCL', 'Domain': 'Crops and livestock products', 'Area_Code': 356, 'Area': 'India', 'Element_Code': 5510, 'Element': 'Production', 'Item_Code': '01654', 'Item': 'Anise, badian, coriander, cumin, caraway, fennel and juniper berries, raw', 'Year_Code': 1975, 'Year': 1975, 'Unit': 't', 'Value': 45164.0, 'Flag': 'A', 'Flag_Description': 'Official figure', 'Note': ''}
2025-02-18 13:16:24,341 - ERROR - Error processing row: 'Domain Code'
Row data: {'Domain_Code': 'QCL', 'Domain': 'Crops and livestock products', 'Area_Code': 356, 'Area': 'India', 'Element_Code': 5312, 'Element': 'Area harvested', 'Item_Code': '01654', 'Item': 'Anise, badian, coriander, cumin, caraway, fennel and juniper berries, raw', 'Year_Code': 1976, 'Year': 1976, 'Unit': 'ha', 'Value': 149327.0, 'Flag': 'A', 'Flag_Description': 'Official figure', 'Note': ''}
2025-02-18 13:16:24,366 - ERROR - Error processing row: 'Domain Code'
Row data: {'Domain_Code': 'QCL', 'Domain': 'Crops and livestock products', 'Area_Code': 356, 'Area': 'India', 'Element_Code': 5412, 'Element': 'Yield', 'Item_Code': '01654', 'Item': 'Anise, badian, coriander, cumin, caraway, fennel and juniper berries, raw', 'Year_Code': 1976, 'Year': 1976, 'Unit': 'kg/ha', 'Value': 467.9, 'Flag': 'A', 'Flag_Description': 'Official figure', 'Note': ''}
2025-02-18 13:16:24,392 - ERROR - Error processing row: 'Domain Code'
Row data: {'Domain_Code': 'QCL', 'Domain': 'Crops and livestock products', 'Area_Code': 356, 'Area': 'India', 'Element_Code': 5510, 'Element': 'Production', 'Item_Code': '01654', 'Item': 'Anise, badian, coriander, cumin, caraway, fennel and juniper berries, raw', 'Year_Code': 1976, 'Year': 1976, 'Unit': 't', 'Value': 69869.0, 'Flag': 'A', 'Flag_Description': 'Official figure', 'Note': ''}
2025-02-18 13:16:24,412 - ERROR - Error processing row: 'Domain Code'
Row data: {'Domain_Code': 'QCL', 'Domain': 'Crops and livestock products', 'Area_Code': 356, 'Area': 'India', 'Element_Code': 5312, 'Element': 'Area harvested', 'Item_Code': '01654', 'Item': 'Anise, badian, coriander, cumin, caraway, fennel and juniper berries, raw', 'Year_Code': 1977, 'Year': 1977, 'Unit': 'ha', 'Value': 179612.0, 'Flag': 'A', 'Flag_Description': 'Official figure', 'Note': ''}
2025-02-18 13:16:24,440 - ERROR - Error processing row: 'Domain Code'
Row data: {'Domain_Code': 'QCL', 'Domain': 'Crops and livestock products', 'Area_Code': 356, 'Area': 'India', 'Element_Code': 5412, 'Element': 'Yield', 'Item_Code': '01654', 'Item': 'Anise, badian, coriander, cumin, caraway, fennel and juniper berries, raw', 'Year_Code': 1977, 'Year': 1977, 'Unit': 'kg/ha', 'Value': 615.0, 'Flag': 'A', 'Flag_Description': 'Official figure', 'Note': ''}
2025-02-18 13:16:24,462 - ERROR - Error processing row: 'Domain Code'
Row data: {'Domain_Code': 'QCL', 'Domain': 'Crops and livestock products', 'Area_Code': 356, 'Area': 'India', 'Element_Code': 5510, 'Element': 'Production', 'Item_Code': '01654', 'Item': 'Anise, badian, coriander, cumin, caraway, fennel and juniper berries, raw', 'Year_Code': 1977, 'Year': 1977, 'Unit': 't', 'Value': 110462.0, 'Flag': 'A', 'Flag_Description': 'Official figure', 'Note': ''}
2025-02-18 13:16:24,490 - ERROR - Error processing row: 'Domain Code'
Row data: {'Domain_Code': 'QCL', 'Domain': 'Crops and livestock products', 'Area_Code': 356, 'Area': 'India', 'Element_Code': 5312, 'Element': 'Area harvested', 'Item_Code': '01654', 'Item': 'Anise, badian, coriander, cumin, caraway, fennel and juniper berries, raw', 'Year_Code': 1978, 'Year': 1978, 'Unit': 'ha', 'Value': 201311.0, 'Flag': 'A', 'Flag_Description': 'Official figure', 'Note': ''}
2025-02-18 13:16:24,508 - ERROR - Error processing row: 'Domain Code'
Row data: {'Domain_Code': 'QCL', 'Domain': 'Crops and livestock products', 'Area_Code': 356, 'Area': 'India', 'Element_Code': 5412, 'Element': 'Yield', 'Item_Code': '01654', 'Item': 'Anise, badian, coriander, cumin, caraway, fennel and juniper berries, raw', 'Year_Code': 1978, 'Year': 1978, 'Unit': 'kg/ha', 'Value': 503.6, 'Flag': 'A', 'Flag_Description': 'Official figure', 'Note': ''}
2025-02-18 13:16:24,541 - ERROR - Error processing row: 'Domain Code'
Row data: {'Domain_Code': 'QCL', 'Domain': 'Crops and livestock products', 'Area_Code': 356, 'Area': 'India', 'Element_Code': 5510, 'Element': 'Production', 'Item_Code': '01654', 'Item': 'Anise, badian, coriander, cumin, caraway, fennel and juniper berries, raw', 'Year_Code': 1978, 'Year': 1978, 'Unit': 't', 'Value': 101387.0, 'Flag': 'A', 'Flag_Description': 'Official figure', 'Note': ''}
2025-02-18 13:16:24,564 - ERROR - Error processing row: 'Domain Code'
Row data: {'Domain_Code': 'QCL', 'Domain': 'Crops and livestock products', 'Area_Code': 356, 'Area': 'India', 'Element_Code': 5312, 'Element': 'Area harvested', 'Item_Code': '01654', 'Item': 'Anise, badian, coriander, cumin, caraway, fennel and juniper berries, raw', 'Year_Code': 1979, 'Year': 1979, 'Unit': 'ha', 'Value': 181786.0, 'Flag': 'A', 'Flag_Description': 'Official figure', 'Note': ''}
2025-02-18 13:16:24,591 - ERROR - Error processing row: 'Domain Code'
Row data: {'Domain_Code': 'QCL', 'Domain': 'Crops and livestock products', 'Area_Code': 356, 'Area': 'India', 'Element_Code': 5412, 'Element': 'Yield', 'Item_Code': '01654', 'Item': 'Anise, badian, coriander, cumin, caraway, fennel and juniper berries, raw', 'Year_Code': 1979, 'Year': 1979, 'Unit': 'kg/ha', 'Value': 508.4, 'Flag': 'A', 'Flag_Description': 'Official figure', 'Note': ''}
2025-02-18 13:16:24,614 - ERROR - Error processing row: 'Domain Code'
Row data: {'Domain_Code': 'QCL', 'Domain': 'Crops and livestock products', 'Area_Code': 356, 'Area': 'India', 'Element_Code': 5510, 'Element': 'Production', 'Item_Code': '01654', 'Item': 'Anise, badian, coriander, cumin, caraway, fennel and juniper berries, raw', 'Year_Code': 1979, 'Year': 1979, 'Unit': 't', 'Value': 92414.0, 'Flag': 'A', 'Flag_Description': 'Official figure', 'Note': ''}
2025-02-18 13:16:24,645 - ERROR - Error processing row: 'Domain Code'
Row data: {'Domain_Code': 'QCL', 'Domain': 'Crops and livestock products', 'Area_Code': 356, 'Area': 'India', 'Element_Code': 5312, 'Element': 'Area harvested', 'Item_Code': '01654', 'Item': 'Anise, badian, coriander, cumin, caraway, fennel and juniper berries, raw', 'Year_Code': 1980, 'Year': 1980, 'Unit': 'ha', 'Value': 179705.0, 'Flag': 'A', 'Flag_Description': 'Official figure', 'Note': ''}
2025-02-18 13:16:24,672 - ERROR - Error processing row: 'Domain Code'
Row data: {'Domain_Code': 'QCL', 'Domain': 'Crops and livestock products', 'Area_Code': 356, 'Area': 'India', 'Element_Code': 5412, 'Element': 'Yield', 'Item_Code': '01654', 'Item': 'Anise, badian, coriander, cumin, caraway, fennel and juniper berries, raw', 'Year_Code': 1980, 'Year': 1980, 'Unit': 'kg/ha', 'Value': 569.8, 'Flag': 'A', 'Flag_Description': 'Official figure', 'Note': ''}
2025-02-18 13:16:24,696 - ERROR - Error processing row: 'Domain Code'
Row data: {'Domain_Code': 'QCL', 'Domain': 'Crops and livestock products', 'Area_Code': 356, 'Area': 'India', 'Element_Code': 5510, 'Element': 'Production', 'Item_Code': '01654', 'Item': 'Anise, badian, coriander, cumin, caraway, fennel and juniper berries, raw', 'Year_Code': 1980, 'Year': 1980, 'Unit': 't', 'Value': 102404.0, 'Flag': 'A', 'Flag_Description': 'Official figure', 'Note': ''}
2025-02-18 13:16:24,715 - ERROR - Error processing row: 'Domain Code'
Row data: {'Domain_Code': 'QCL', 'Domain': 'Crops and livestock products', 'Area_Code': 356, 'Area': 'India', 'Element_Code': 5312, 'Element': 'Area harvested', 'Item_Code': '01654', 'Item': 'Anise, badian, coriander, cumin, caraway, fennel and juniper berries, raw', 'Year_Code': 1981, 'Year': 1981, 'Unit': 'ha', 'Value': 96544.0, 'Flag': 'A', 'Flag_Description': 'Official figure', 'Note': ''}
2025-02-18 13:16:24,747 - ERROR - Error processing row: 'Domain Code'
Row data: {'Domain_Code': 'QCL', 'Domain': 'Crops and livestock products', 'Area_Code': 356, 'Area': 'India', 'Element_Code': 5412, 'Element': 'Yield', 'Item_Code': '01654', 'Item': 'Anise, badian, coriander, cumin, caraway, fennel and juniper berries, raw', 'Year_Code': 1981, 'Year': 1981, 'Unit': 'kg/ha', 'Value': 593.3, 'Flag': 'A', 'Flag_Description': 'Official figure', 'Note': ''}
2025-02-18 13:16:24,777 - ERROR - Error processing row: 'Domain Code'
Row data: {'Domain_Code': 'QCL', 'Domain': 'Crops and livestock products', 'Area_Code': 356, 'Area': 'India', 'Element_Code': 5510, 'Element': 'Production', 'Item_Code': '01654', 'Item': 'Anise, badian, coriander, cumin, caraway, fennel and juniper berries, raw', 'Year_Code': 1981, 'Year': 1981, 'Unit': 't', 'Value': 57277.0, 'Flag': 'A', 'Flag_Description': 'Official figure', 'Note': ''}
2025-02-18 13:16:24,814 - ERROR - Error processing row: 'Domain Code'
Row data: {'Domain_Code': 'QCL', 'Domain': 'Crops and livestock products', 'Area_Code': 356, 'Area': 'India', 'Element_Code': 5312, 'Element': 'Area harvested', 'Item_Code': '01654', 'Item': 'Anise, badian, coriander, cumin, caraway, fennel and juniper berries, raw', 'Year_Code': 1982, 'Year': 1982, 'Unit': 'ha', 'Value': 151708.0, 'Flag': 'A', 'Flag_Description': 'Official figure', 'Note': ''}
2025-02-18 13:16:24,847 - ERROR - Error processing row: 'Domain Code'
Row data: {'Domain_Code': 'QCL', 'Domain': 'Crops and livestock products', 'Area_Code': 356, 'Area': 'India', 'Element_Code': 5412, 'Element': 'Yield', 'Item_Code': '01654', 'Item': 'Anise, badian, coriander, cumin, caraway, fennel and juniper berries, raw', 'Year_Code': 1982, 'Year': 1982, 'Unit': 'kg/ha', 'Value': 500.8, 'Flag': 'A', 'Flag_Description': 'Official figure', 'Note': ''}
2025-02-18 13:16:24,878 - ERROR - Error processing row: 'Domain Code'
Row data: {'Domain_Code': 'QCL', 'Domain': 'Crops and livestock products', 'Area_Code': 356, 'Area': 'India', 'Element_Code': 5510, 'Element': 'Production', 'Item_Code': '01654', 'Item': 'Anise, badian, coriander, cumin, caraway, fennel and juniper berries, raw', 'Year_Code': 1982, 'Year': 1982, 'Unit': 't', 'Value': 75978.0, 'Flag': 'A', 'Flag_Description': 'Official figure', 'Note': ''}
2025-02-18 13:16:24,906 - ERROR - Error processing row: 'Domain Code'
Row data: {'Domain_Code': 'QCL', 'Domain': 'Crops and livestock products', 'Area_Code': 356, 'Area': 'India', 'Element_Code': 5312, 'Element': 'Area harvested', 'Item_Code': '01654', 'Item': 'Anise, badian, coriander, cumin, caraway, fennel and juniper berries, raw', 'Year_Code': 1983, 'Year': 1983, 'Unit': 'ha', 'Value': 181524.0, 'Flag': 'A', 'Flag_Description': 'Official figure', 'Note': ''}
2025-02-18 13:16:24,935 - ERROR - Error processing row: 'Domain Code'
Row data: {'Domain_Code': 'QCL', 'Domain': 'Crops and livestock products', 'Area_Code': 356, 'Area': 'India', 'Element_Code': 5412, 'Element': 'Yield', 'Item_Code': '01654', 'Item': 'Anise, badian, coriander, cumin, caraway, fennel and juniper berries, raw', 'Year_Code': 1983, 'Year': 1983, 'Unit': 'kg/ha', 'Value': 640.0, 'Flag': 'A', 'Flag_Description': 'Official figure', 'Note': ''}
2025-02-18 13:16:24,966 - ERROR - Error processing row: 'Domain Code'
Row data: {'Domain_Code': 'QCL', 'Domain': 'Crops and livestock products', 'Area_Code': 356, 'Area': 'India', 'Element_Code': 5510, 'Element': 'Production', 'Item_Code': '01654', 'Item': 'Anise, badian, coriander, cumin, caraway, fennel and juniper berries, raw', 'Year_Code': 1983, 'Year': 1983, 'Unit': 't', 'Value': 116173.0, 'Flag': 'A', 'Flag_Description': 'Official figure', 'Note': ''}
2025-02-18 13:16:24,998 - ERROR - Error processing row: 'Domain Code'
Row data: {'Domain_Code': 'QCL', 'Domain': 'Crops and livestock products', 'Area_Code': 356, 'Area': 'India', 'Element_Code': 5312, 'Element': 'Area harvested', 'Item_Code': '01654', 'Item': 'Anise, badian, coriander, cumin, caraway, fennel and juniper berries, raw', 'Year_Code': 1984, 'Year': 1984, 'Unit': 'ha', 'Value': 122629.0, 'Flag': 'A', 'Flag_Description': 'Official figure', 'Note': ''}
2025-02-18 13:16:25,029 - ERROR - Error processing row: 'Domain Code'
Row data: {'Domain_Code': 'QCL', 'Domain': 'Crops and livestock products', 'Area_Code': 356, 'Area': 'India', 'Element_Code': 5412, 'Element': 'Yield', 'Item_Code': '01654', 'Item': 'Anise, badian, coriander, cumin, caraway, fennel and juniper berries, raw', 'Year_Code': 1984, 'Year': 1984, 'Unit': 'kg/ha', 'Value': 605.3, 'Flag': 'A', 'Flag_Description': 'Official figure', 'Note': ''}
2025-02-18 13:16:25,058 - ERROR - Error processing row: 'Domain Code'
Row data: {'Domain_Code': 'QCL', 'Domain': 'Crops and livestock products', 'Area_Code': 356, 'Area': 'India', 'Element_Code': 5510, 'Element': 'Production', 'Item_Code': '01654', 'Item': 'Anise, badian, coriander, cumin, caraway, fennel and juniper berries, raw', 'Year_Code': 1984, 'Year': 1984, 'Unit': 't', 'Value': 74223.0, 'Flag': 'A', 'Flag_Description': 'Official figure', 'Note': ''}
2025-02-18 13:16:25,089 - ERROR - Error processing row: 'Domain Code'
Row data: {'Domain_Code': 'QCL', 'Domain': 'Crops and livestock products', 'Area_Code': 356, 'Area': 'India', 'Element_Code': 5312, 'Element': 'Area harvested', 'Item_Code': '01654', 'Item': 'Anise, badian, coriander, cumin, caraway, fennel and juniper berries, raw', 'Year_Code': 1985, 'Year': 1985, 'Unit': 'ha', 'Value': 87154.0, 'Flag': 'A', 'Flag_Description': 'Official figure', 'Note': ''}
2025-02-18 13:16:25,112 - ERROR - Error processing row: 'Domain Code'
Row data: {'Domain_Code': 'QCL', 'Domain': 'Crops and livestock products', 'Area_Code': 356, 'Area': 'India', 'Element_Code': 5412, 'Element': 'Yield', 'Item_Code': '01654', 'Item': 'Anise, badian, coriander, cumin, caraway, fennel and juniper berries, raw', 'Year_Code': 1985, 'Year': 1985, 'Unit': 'kg/ha', 'Value': 526.5, 'Flag': 'A', 'Flag_Description': 'Official figure', 'Note': ''}
2025-02-18 13:16:25,140 - ERROR - Error processing row: 'Domain Code'
Row data: {'Domain_Code': 'QCL', 'Domain': 'Crops and livestock products', 'Area_Code': 356, 'Area': 'India', 'Element_Code': 5510, 'Element': 'Production', 'Item_Code': '01654', 'Item': 'Anise, badian, coriander, cumin, caraway, fennel and juniper berries, raw', 'Year_Code': 1985, 'Year': 1985, 'Unit': 't', 'Value': 45885.0, 'Flag': 'A', 'Flag_Description': 'Official figure', 'Note': ''}
2025-02-18 13:16:25,157 - ERROR - Error processing row: 'Domain Code'
Row data: {'Domain_Code': 'QCL', 'Domain': 'Crops and livestock products', 'Area_Code': 356, 'Area': 'India', 'Element_Code': 5312, 'Element': 'Area harvested', 'Item_Code': '01654', 'Item': 'Anise, badian, coriander, cumin, caraway, fennel and juniper berries, raw', 'Year_Code': 1986, 'Year': 1986, 'Unit': 'ha', 'Value': 94482.0, 'Flag': 'A', 'Flag_Description': 'Official figure', 'Note': ''}
2025-02-18 13:16:25,193 - ERROR - Error processing row: 'Domain Code'
Row data: {'Domain_Code': 'QCL', 'Domain': 'Crops and livestock products', 'Area_Code': 356, 'Area': 'India', 'Element_Code': 5412, 'Element': 'Yield', 'Item_Code': '01654', 'Item': 'Anise, badian, coriander, cumin, caraway, fennel and juniper berries, raw', 'Year_Code': 1986, 'Year': 1986, 'Unit': 'kg/ha', 'Value': 532.0, 'Flag': 'A', 'Flag_Description': 'Official figure', 'Note': ''}
2025-02-18 13:16:25,207 - ERROR - Error processing row: 'Domain Code'
Row data: {'Domain_Code': 'QCL', 'Domain': 'Crops and livestock products', 'Area_Code': 356, 'Area': 'India', 'Element_Code': 5510, 'Element': 'Production', 'Item_Code': '01654', 'Item': 'Anise, badian, coriander, cumin, caraway, fennel and juniper berries, raw', 'Year_Code': 1986, 'Year': 1986, 'Unit': 't', 'Value': 50263.0, 'Flag': 'A', 'Flag_Description': 'Official figure', 'Note': ''}
2025-02-18 13:16:25,232 - ERROR - Error processing row: 'Domain Code'
Row data: {'Domain_Code': 'QCL', 'Domain': 'Crops and livestock products', 'Area_Code': 356, 'Area': 'India', 'Element_Code': 5312, 'Element': 'Area harvested', 'Item_Code': '01654', 'Item': 'Anise, badian, coriander, cumin, caraway, fennel and juniper berries, raw', 'Year_Code': 1987, 'Year': 1987, 'Unit': 'ha', 'Value': 119549.0, 'Flag': 'A', 'Flag_Description': 'Official figure', 'Note': ''}
2025-02-18 13:16:25,259 - ERROR - Error processing row: 'Domain Code'
Row data: {'Domain_Code': 'QCL', 'Domain': 'Crops and livestock products', 'Area_Code': 356, 'Area': 'India', 'Element_Code': 5412, 'Element': 'Yield', 'Item_Code': '01654', 'Item': 'Anise, badian, coriander, cumin, caraway, fennel and juniper berries, raw', 'Year_Code': 1987, 'Year': 1987, 'Unit': 'kg/ha', 'Value': 462.2, 'Flag': 'A', 'Flag_Description': 'Official figure', 'Note': ''}
2025-02-18 13:16:25,286 - ERROR - Error processing row: 'Domain Code'
Row data: {'Domain_Code': 'QCL', 'Domain': 'Crops and livestock products', 'Area_Code': 356, 'Area': 'India', 'Element_Code': 5510, 'Element': 'Production', 'Item_Code': '01654', 'Item': 'Anise, badian, coriander, cumin, caraway, fennel and juniper berries, raw', 'Year_Code': 1987, 'Year': 1987, 'Unit': 't', 'Value': 55258.0, 'Flag': 'A', 'Flag_Description': 'Official figure', 'Note': ''}
2025-02-18 13:16:25,314 - ERROR - Error processing row: 'Domain Code'
Row data: {'Domain_Code': 'QCL', 'Domain': 'Crops and livestock products', 'Area_Code': 356, 'Area': 'India', 'Element_Code': 5312, 'Element': 'Area harvested', 'Item_Code': '01654', 'Item': 'Anise, badian, coriander, cumin, caraway, fennel and juniper berries, raw', 'Year_Code': 1988, 'Year': 1988, 'Unit': 'ha', 'Value': 240627.0, 'Flag': 'A', 'Flag_Description': 'Official figure', 'Note': ''}
2025-02-18 13:16:25,355 - ERROR - Error processing row: 'Domain Code'
Row data: {'Domain_Code': 'QCL', 'Domain': 'Crops and livestock products', 'Area_Code': 356, 'Area': 'India', 'Element_Code': 5412, 'Element': 'Yield', 'Item_Code': '01654', 'Item': 'Anise, badian, coriander, cumin, caraway, fennel and juniper berries, raw', 'Year_Code': 1988, 'Year': 1988, 'Unit': 'kg/ha', 'Value': 544.1, 'Flag': 'A', 'Flag_Description': 'Official figure', 'Note': ''}
2025-02-18 13:16:25,413 - ERROR - Error processing row: 'Domain Code'
Row data: {'Domain_Code': 'QCL', 'Domain': 'Crops and livestock products', 'Area_Code': 356, 'Area': 'India', 'Element_Code': 5510, 'Element': 'Production', 'Item_Code': '01654', 'Item': 'Anise, badian, coriander, cumin, caraway, fennel and juniper berries, raw', 'Year_Code': 1988, 'Year': 1988, 'Unit': 't', 'Value': 130922.0, 'Flag': 'A', 'Flag_Description': 'Official figure', 'Note': ''}
2025-02-18 13:16:25,438 - ERROR - Error processing row: 'Domain Code'
Row data: {'Domain_Code': 'QCL', 'Domain': 'Crops and livestock products', 'Area_Code': 356, 'Area': 'India', 'Element_Code': 5312, 'Element': 'Area harvested', 'Item_Code': '01654', 'Item': 'Anise, badian, coriander, cumin, caraway, fennel and juniper berries, raw', 'Year_Code': 1989, 'Year': 1989, 'Unit': 'ha', 'Value': 170693.0, 'Flag': 'A', 'Flag_Description': 'Official figure', 'Note': ''}
2025-02-18 13:16:25,466 - ERROR - Error processing row: 'Domain Code'
Row data: {'Domain_Code': 'QCL', 'Domain': 'Crops and livestock products', 'Area_Code': 356, 'Area': 'India', 'Element_Code': 5412, 'Element': 'Yield', 'Item_Code': '01654', 'Item': 'Anise, badian, coriander, cumin, caraway, fennel and juniper berries, raw', 'Year_Code': 1989, 'Year': 1989, 'Unit': 'kg/ha', 'Value': 396.0, 'Flag': 'A', 'Flag_Description': 'Official figure', 'Note': ''}
2025-02-18 13:16:25,491 - ERROR - Error processing row: 'Domain Code'
Row data: {'Domain_Code': 'QCL', 'Domain': 'Crops and livestock products', 'Area_Code': 356, 'Area': 'India', 'Element_Code': 5510, 'Element': 'Production', 'Item_Code': '01654', 'Item': 'Anise, badian, coriander, cumin, caraway, fennel and juniper berries, raw', 'Year_Code': 1989, 'Year': 1989, 'Unit': 't', 'Value': 67593.0, 'Flag': 'A', 'Flag_Description': 'Official figure', 'Note': ''}
2025-02-18 13:16:25,515 - ERROR - Error processing row: 'Domain Code'
Row data: {'Domain_Code': 'QCL', 'Domain': 'Crops and livestock products', 'Area_Code': 356, 'Area': 'India', 'Element_Code': 5312, 'Element': 'Area harvested', 'Item_Code': '01654', 'Item': 'Anise, badian, coriander, cumin, caraway, fennel and juniper berries, raw', 'Year_Code': 1990, 'Year': 1990, 'Unit': 'ha', 'Value': 151116.0, 'Flag': 'A', 'Flag_Description': 'Official figure', 'Note': ''}
2025-02-18 13:16:25,536 - ERROR - Error processing row: 'Domain Code'
Row data: {'Domain_Code': 'QCL', 'Domain': 'Crops and livestock products', 'Area_Code': 356, 'Area': 'India', 'Element_Code': 5412, 'Element': 'Yield', 'Item_Code': '01654', 'Item': 'Anise, badian, coriander, cumin, caraway, fennel and juniper berries, raw', 'Year_Code': 1990, 'Year': 1990, 'Unit': 'kg/ha', 'Value': 591.2, 'Flag': 'A', 'Flag_Description': 'Official figure', 'Note': ''}
2025-02-18 13:16:25,565 - ERROR - Error processing row: 'Domain Code'
Row data: {'Domain_Code': 'QCL', 'Domain': 'Crops and livestock products', 'Area_Code': 356, 'Area': 'India', 'Element_Code': 5510, 'Element': 'Production', 'Item_Code': '01654', 'Item': 'Anise, badian, coriander, cumin, caraway, fennel and juniper berries, raw', 'Year_Code': 1990, 'Year': 1990, 'Unit': 't', 'Value': 89343.0, 'Flag': 'A', 'Flag_Description': 'Official figure', 'Note': ''}
2025-02-18 13:16:25,581 - ERROR - Error processing row: 'Domain Code'
Row data: {'Domain_Code': 'QCL', 'Domain': 'Crops and livestock products', 'Area_Code': 356, 'Area': 'India', 'Element_Code': 5312, 'Element': 'Area harvested', 'Item_Code': '01654', 'Item': 'Anise, badian, coriander, cumin, caraway, fennel and juniper berries, raw', 'Year_Code': 1991, 'Year': 1991, 'Unit': 'ha', 'Value': 187092.0, 'Flag': 'A', 'Flag_Description': 'Official figure', 'Note': ''}
2025-02-18 13:16:25,605 - ERROR - Error processing row: 'Domain Code'
Row data: {'Domain_Code': 'QCL', 'Domain': 'Crops and livestock products', 'Area_Code': 356, 'Area': 'India', 'Element_Code': 5412, 'Element': 'Yield', 'Item_Code': '01654', 'Item': 'Anise, badian, coriander, cumin, caraway, fennel and juniper berries, raw', 'Year_Code': 1991, 'Year': 1991, 'Unit': 'kg/ha', 'Value': 479.7, 'Flag': 'A', 'Flag_Description': 'Official figure', 'Note': ''}
2025-02-18 13:16:25,638 - ERROR - Error processing row: 'Domain Code'
Row data: {'Domain_Code': 'QCL', 'Domain': 'Crops and livestock products', 'Area_Code': 356, 'Area': 'India', 'Element_Code': 5510, 'Element': 'Production', 'Item_Code': '01654', 'Item': 'Anise, badian, coriander, cumin, caraway, fennel and juniper berries, raw', 'Year_Code': 1991, 'Year': 1991, 'Unit': 't', 'Value': 89749.0, 'Flag': 'A', 'Flag_Description': 'Official figure', 'Note': ''}
2025-02-18 13:16:25,662 - ERROR - Error processing row: 'Domain Code'
Row data: {'Domain_Code': 'QCL', 'Domain': 'Crops and livestock products', 'Area_Code': 356, 'Area': 'India', 'Element_Code': 5312, 'Element': 'Area harvested', 'Item_Code': '01654', 'Item': 'Anise, badian, coriander, cumin, caraway, fennel and juniper berries, raw', 'Year_Code': 1992, 'Year': 1992, 'Unit': 'ha', 'Value': 332896.0, 'Flag': 'A', 'Flag_Description': 'Official figure', 'Note': ''}
2025-02-18 13:16:25,688 - ERROR - Error processing row: 'Domain Code'
Row data: {'Domain_Code': 'QCL', 'Domain': 'Crops and livestock products', 'Area_Code': 356, 'Area': 'India', 'Element_Code': 5412, 'Element': 'Yield', 'Item_Code': '01654', 'Item': 'Anise, badian, coriander, cumin, caraway, fennel and juniper berries, raw', 'Year_Code': 1992, 'Year': 1992, 'Unit': 'kg/ha', 'Value': 463.2, 'Flag': 'A', 'Flag_Description': 'Official figure', 'Note': ''}
2025-02-18 13:16:25,711 - ERROR - Error processing row: 'Domain Code'
Row data: {'Domain_Code': 'QCL', 'Domain': 'Crops and livestock products', 'Area_Code': 356, 'Area': 'India', 'Element_Code': 5510, 'Element': 'Production', 'Item_Code': '01654', 'Item': 'Anise, badian, coriander, cumin, caraway, fennel and juniper berries, raw', 'Year_Code': 1992, 'Year': 1992, 'Unit': 't', 'Value': 154200.0, 'Flag': 'A', 'Flag_Description': 'Official figure', 'Note': ''}
2025-02-18 13:16:25,735 - ERROR - Error processing row: 'Domain Code'
Row data: {'Domain_Code': 'QCL', 'Domain': 'Crops and livestock products', 'Area_Code': 356, 'Area': 'India', 'Element_Code': 5312, 'Element': 'Area harvested', 'Item_Code': '01654', 'Item': 'Anise, badian, coriander, cumin, caraway, fennel and juniper berries, raw', 'Year_Code': 1993, 'Year': 1993, 'Unit': 'ha', 'Value': 436351.0, 'Flag': 'A', 'Flag_Description': 'Official figure', 'Note': ''}
2025-02-18 13:16:25,759 - ERROR - Error processing row: 'Domain Code'
Row data: {'Domain_Code': 'QCL', 'Domain': 'Crops and livestock products', 'Area_Code': 356, 'Area': 'India', 'Element_Code': 5412, 'Element': 'Yield', 'Item_Code': '01654', 'Item': 'Anise, badian, coriander, cumin, caraway, fennel and juniper berries, raw', 'Year_Code': 1993, 'Year': 1993, 'Unit': 'kg/ha', 'Value': 411.7, 'Flag': 'A', 'Flag_Description': 'Official figure', 'Note': ''}
2025-02-18 13:16:25,784 - ERROR - Error processing row: 'Domain Code'
Row data: {'Domain_Code': 'QCL', 'Domain': 'Crops and livestock products', 'Area_Code': 356, 'Area': 'India', 'Element_Code': 5510, 'Element': 'Production', 'Item_Code': '01654', 'Item': 'Anise, badian, coriander, cumin, caraway, fennel and juniper berries, raw', 'Year_Code': 1993, 'Year': 1993, 'Unit': 't', 'Value': 179637.0, 'Flag': 'A', 'Flag_Description': 'Official figure', 'Note': ''}
2025-02-18 13:16:25,814 - ERROR - Error processing row: 'Domain Code'
Row data: {'Domain_Code': 'QCL', 'Domain': 'Crops and livestock products', 'Area_Code': 356, 'Area': 'India', 'Element_Code': 5312, 'Element': 'Area harvested', 'Item_Code': '01654', 'Item': 'Anise, badian, coriander, cumin, caraway, fennel and juniper berries, raw', 'Year_Code': 1994, 'Year': 1994, 'Unit': 'ha', 'Value': 303196.0, 'Flag': 'X', 'Flag_Description': 'Figure from international organizations', 'Note': 'Unofficial figure'}
2025-02-18 13:16:25,836 - ERROR - Error processing row: 'Domain Code'
Row data: {'Domain_Code': 'QCL', 'Domain': 'Crops and livestock products', 'Area_Code': 356, 'Area': 'India', 'Element_Code': 5412, 'Element': 'Yield', 'Item_Code': '01654', 'Item': 'Anise, badian, coriander, cumin, caraway, fennel and juniper berries, raw', 'Year_Code': 1994, 'Year': 1994, 'Unit': 'kg/ha', 'Value': 358.9, 'Flag': 'X', 'Flag_Description': 'Figure from international organizations', 'Note': ''}
2025-02-18 13:16:25,871 - ERROR - Error processing row: 'Domain Code'
Row data: {'Domain_Code': 'QCL', 'Domain': 'Crops and livestock products', 'Area_Code': 356, 'Area': 'India', 'Element_Code': 5510, 'Element': 'Production', 'Item_Code': '01654', 'Item': 'Anise, badian, coriander, cumin, caraway, fennel and juniper berries, raw', 'Year_Code': 1994, 'Year': 1994, 'Unit': 't', 'Value': 108812.0, 'Flag': 'X', 'Flag_Description': 'Figure from international organizations', 'Note': 'Unofficial figure'}
2025-02-18 13:16:25,885 - ERROR - Error processing row: 'Domain Code'
Row data: {'Domain_Code': 'QCL', 'Domain': 'Crops and livestock products', 'Area_Code': 356, 'Area': 'India', 'Element_Code': 5312, 'Element': 'Area harvested', 'Item_Code': '01654', 'Item': 'Anise, badian, coriander, cumin, caraway, fennel and juniper berries, raw', 'Year_Code': 1995, 'Year': 1995, 'Unit': 'ha', 'Value': 300000.0, 'Flag': 'E', 'Flag_Description': 'Estimated value', 'Note': ''}
2025-02-18 13:16:25,923 - ERROR - Error processing row: 'Domain Code'
Row data: {'Domain_Code': 'QCL', 'Domain': 'Crops and livestock products', 'Area_Code': 356, 'Area': 'India', 'Element_Code': 5412, 'Element': 'Yield', 'Item_Code': '01654', 'Item': 'Anise, badian, coriander, cumin, caraway, fennel and juniper berries, raw', 'Year_Code': 1995, 'Year': 1995, 'Unit': 'kg/ha', 'Value': 366.7, 'Flag': 'E', 'Flag_Description': 'Estimated value', 'Note': ''}
2025-02-18 13:16:25,938 - ERROR - Error processing row: 'Domain Code'
Row data: {'Domain_Code': 'QCL', 'Domain': 'Crops and livestock products', 'Area_Code': 356, 'Area': 'India', 'Element_Code': 5510, 'Element': 'Production', 'Item_Code': '01654', 'Item': 'Anise, badian, coriander, cumin, caraway, fennel and juniper berries, raw', 'Year_Code': 1995, 'Year': 1995, 'Unit': 't', 'Value': 110000.0, 'Flag': 'E', 'Flag_Description': 'Estimated value', 'Note': ''}
2025-02-18 13:16:25,971 - ERROR - Error processing row: 'Domain Code'
Row data: {'Domain_Code': 'QCL', 'Domain': 'Crops and livestock products', 'Area_Code': 356, 'Area': 'India', 'Element_Code': 5312, 'Element': 'Area harvested', 'Item_Code': '01654', 'Item': 'Anise, badian, coriander, cumin, caraway, fennel and juniper berries, raw', 'Year_Code': 1996, 'Year': 1996, 'Unit': 'ha', 'Value': 325595.0, 'Flag': 'I', 'Flag_Description': 'Imputed value', 'Note': ''}
2025-02-18 13:16:25,985 - ERROR - Error processing row: 'Domain Code'
Row data: {'Domain_Code': 'QCL', 'Domain': 'Crops and livestock products', 'Area_Code': 356, 'Area': 'India', 'Element_Code': 5412, 'Element': 'Yield', 'Item_Code': '01654', 'Item': 'Anise, badian, coriander, cumin, caraway, fennel and juniper berries, raw', 'Year_Code': 1996, 'Year': 1996, 'Unit': 'kg/ha', 'Value': 403.9, 'Flag': 'E', 'Flag_Description': 'Estimated value', 'Note': ''}
2025-02-18 13:16:26,019 - ERROR - Error processing row: 'Domain Code'
Row data: {'Domain_Code': 'QCL', 'Domain': 'Crops and livestock products', 'Area_Code': 356, 'Area': 'India', 'Element_Code': 5510, 'Element': 'Production', 'Item_Code': '01654', 'Item': 'Anise, badian, coriander, cumin, caraway, fennel and juniper berries, raw', 'Year_Code': 1996, 'Year': 1996, 'Unit': 't', 'Value': 131516.35, 'Flag': 'I', 'Flag_Description': 'Imputed value', 'Note': ''}
2025-02-18 13:16:26,038 - ERROR - Error processing row: 'Domain Code'
Row data: {'Domain_Code': 'QCL', 'Domain': 'Crops and livestock products', 'Area_Code': 356, 'Area': 'India', 'Element_Code': 5312, 'Element': 'Area harvested', 'Item_Code': '01654', 'Item': 'Anise, badian, coriander, cumin, caraway, fennel and juniper berries, raw', 'Year_Code': 1997, 'Year': 1997, 'Unit': 'ha', 'Value': 350177.0, 'Flag': 'I', 'Flag_Description': 'Imputed value', 'Note': ''}
2025-02-18 13:16:26,071 - ERROR - Error processing row: 'Domain Code'
Row data: {'Domain_Code': 'QCL', 'Domain': 'Crops and livestock products', 'Area_Code': 356, 'Area': 'India', 'Element_Code': 5412, 'Element': 'Yield', 'Item_Code': '01654', 'Item': 'Anise, badian, coriander, cumin, caraway, fennel and juniper berries, raw', 'Year_Code': 1997, 'Year': 1997, 'Unit': 'kg/ha', 'Value': 425.3, 'Flag': 'E', 'Flag_Description': 'Estimated value', 'Note': ''}
2025-02-18 13:16:26,090 - ERROR - Error processing row: 'Domain Code'
Row data: {'Domain_Code': 'QCL', 'Domain': 'Crops and livestock products', 'Area_Code': 356, 'Area': 'India', 'Element_Code': 5510, 'Element': 'Production', 'Item_Code': '01654', 'Item': 'Anise, badian, coriander, cumin, caraway, fennel and juniper berries, raw', 'Year_Code': 1997, 'Year': 1997, 'Unit': 't', 'Value': 148917.05, 'Flag': 'I', 'Flag_Description': 'Imputed value', 'Note': ''}
2025-02-18 13:16:26,112 - ERROR - Error processing row: 'Domain Code'
Row data: {'Domain_Code': 'QCL', 'Domain': 'Crops and livestock products', 'Area_Code': 356, 'Area': 'India', 'Element_Code': 5312, 'Element': 'Area harvested', 'Item_Code': '01654', 'Item': 'Anise, badian, coriander, cumin, caraway, fennel and juniper berries, raw', 'Year_Code': 1998, 'Year': 1998, 'Unit': 'ha', 'Value': 367606.0, 'Flag': 'I', 'Flag_Description': 'Imputed value', 'Note': ''}
2025-02-18 13:16:26,137 - ERROR - Error processing row: 'Domain Code'
Row data: {'Domain_Code': 'QCL', 'Domain': 'Crops and livestock products', 'Area_Code': 356, 'Area': 'India', 'Element_Code': 5412, 'Element': 'Yield', 'Item_Code': '01654', 'Item': 'Anise, badian, coriander, cumin, caraway, fennel and juniper berries, raw', 'Year_Code': 1998, 'Year': 1998, 'Unit': 'kg/ha', 'Value': 438.1, 'Flag': 'E', 'Flag_Description': 'Estimated value', 'Note': ''}
2025-02-18 13:16:26,163 - ERROR - Error processing row: 'Domain Code'
Row data: {'Domain_Code': 'QCL', 'Domain': 'Crops and livestock products', 'Area_Code': 356, 'Area': 'India', 'Element_Code': 5510, 'Element': 'Production', 'Item_Code': '01654', 'Item': 'Anise, badian, coriander, cumin, caraway, fennel and juniper berries, raw', 'Year_Code': 1998, 'Year': 1998, 'Unit': 't', 'Value': 161064.72, 'Flag': 'I', 'Flag_Description': 'Imputed value', 'Note': ''}
2025-02-18 13:16:26,185 - ERROR - Error processing row: 'Domain Code'
Row data: {'Domain_Code': 'QCL', 'Domain': 'Crops and livestock products', 'Area_Code': 356, 'Area': 'India', 'Element_Code': 5312, 'Element': 'Area harvested', 'Item_Code': '01654', 'Item': 'Anise, badian, coriander, cumin, caraway, fennel and juniper berries, raw', 'Year_Code': 1999, 'Year': 1999, 'Unit': 'ha', 'Value': 367548.0, 'Flag': 'I', 'Flag_Description': 'Imputed value', 'Note': ''}
2025-02-18 13:16:26,225 - ERROR - Error processing row: 'Domain Code'
Row data: {'Domain_Code': 'QCL', 'Domain': 'Crops and livestock products', 'Area_Code': 356, 'Area': 'India', 'Element_Code': 5412, 'Element': 'Yield', 'Item_Code': '01654', 'Item': 'Anise, badian, coriander, cumin, caraway, fennel and juniper berries, raw', 'Year_Code': 1999, 'Year': 1999, 'Unit': 'kg/ha', 'Value': 470.9, 'Flag': 'E', 'Flag_Description': 'Estimated value', 'Note': ''}
2025-02-18 13:16:26,255 - ERROR - Error processing row: 'Domain Code'
Row data: {'Domain_Code': 'QCL', 'Domain': 'Crops and livestock products', 'Area_Code': 356, 'Area': 'India', 'Element_Code': 5510, 'Element': 'Production', 'Item_Code': '01654', 'Item': 'Anise, badian, coriander, cumin, caraway, fennel and juniper berries, raw', 'Year_Code': 1999, 'Year': 1999, 'Unit': 't', 'Value': 173087.53, 'Flag': 'I', 'Flag_Description': 'Imputed value', 'Note': ''}
2025-02-18 13:16:26,271 - ERROR - Error processing row: 'Domain Code'
Row data: {'Domain_Code': 'QCL', 'Domain': 'Crops and livestock products', 'Area_Code': 356, 'Area': 'India', 'Element_Code': 5312, 'Element': 'Area harvested', 'Item_Code': '01654', 'Item': 'Anise, badian, coriander, cumin, caraway, fennel and juniper berries, raw', 'Year_Code': 2000, 'Year': 2000, 'Unit': 'ha', 'Value': 344434.0, 'Flag': 'A', 'Flag_Description': 'Official figure', 'Note': ''}
2025-02-18 13:16:26,301 - ERROR - Error processing row: 'Domain Code'
Row data: {'Domain_Code': 'QCL', 'Domain': 'Crops and livestock products', 'Area_Code': 356, 'Area': 'India', 'Element_Code': 5412, 'Element': 'Yield', 'Item_Code': '01654', 'Item': 'Anise, badian, coriander, cumin, caraway, fennel and juniper berries, raw', 'Year_Code': 2000, 'Year': 2000, 'Unit': 'kg/ha', 'Value': 484.0, 'Flag': 'A', 'Flag_Description': 'Official figure', 'Note': ''}
2025-02-18 13:16:26,338 - ERROR - Error processing row: 'Domain Code'
Row data: {'Domain_Code': 'QCL', 'Domain': 'Crops and livestock products', 'Area_Code': 356, 'Area': 'India', 'Element_Code': 5510, 'Element': 'Production', 'Item_Code': '01654', 'Item': 'Anise, badian, coriander, cumin, caraway, fennel and juniper berries, raw', 'Year_Code': 2000, 'Year': 2000, 'Unit': 't', 'Value': 166692.0, 'Flag': 'A', 'Flag_Description': 'Official figure', 'Note': ''}
2025-02-18 13:16:26,352 - ERROR - Error processing row: 'Domain Code'
Row data: {'Domain_Code': 'QCL', 'Domain': 'Crops and livestock products', 'Area_Code': 356, 'Area': 'India', 'Element_Code': 5312, 'Element': 'Area harvested', 'Item_Code': '01654', 'Item': 'Anise, badian, coriander, cumin, caraway, fennel and juniper berries, raw', 'Year_Code': 2001, 'Year': 2001, 'Unit': 'ha', 'Value': 569271.0, 'Flag': 'A', 'Flag_Description': 'Official figure', 'Note': ''}
2025-02-18 13:16:26,387 - ERROR - Error processing row: 'Domain Code'
Row data: {'Domain_Code': 'QCL', 'Domain': 'Crops and livestock products', 'Area_Code': 356, 'Area': 'India', 'Element_Code': 5412, 'Element': 'Yield', 'Item_Code': '01654', 'Item': 'Anise, badian, coriander, cumin, caraway, fennel and juniper berries, raw', 'Year_Code': 2001, 'Year': 2001, 'Unit': 'kg/ha', 'Value': 430.3, 'Flag': 'A', 'Flag_Description': 'Official figure', 'Note': ''}
2025-02-18 13:16:26,409 - ERROR - Error processing row: 'Domain Code'
Row data: {'Domain_Code': 'QCL', 'Domain': 'Crops and livestock products', 'Area_Code': 356, 'Area': 'India', 'Element_Code': 5510, 'Element': 'Production', 'Item_Code': '01654', 'Item': 'Anise, badian, coriander, cumin, caraway, fennel and juniper berries, raw', 'Year_Code': 2001, 'Year': 2001, 'Unit': 't', 'Value': 244943.0, 'Flag': 'A', 'Flag_Description': 'Official figure', 'Note': ''}
2025-02-18 13:16:26,435 - ERROR - Error processing row: 'Domain Code'
Row data: {'Domain_Code': 'QCL', 'Domain': 'Crops and livestock products', 'Area_Code': 356, 'Area': 'India', 'Element_Code': 5312, 'Element': 'Area harvested', 'Item_Code': '01654', 'Item': 'Anise, badian, coriander, cumin, caraway, fennel and juniper berries, raw', 'Year_Code': 2002, 'Year': 2002, 'Unit': 'ha', 'Value': 547028.0, 'Flag': 'A', 'Flag_Description': 'Official figure', 'Note': ''}
2025-02-18 13:16:26,464 - ERROR - Error processing row: 'Domain Code'
Row data: {'Domain_Code': 'QCL', 'Domain': 'Crops and livestock products', 'Area_Code': 356, 'Area': 'India', 'Element_Code': 5412, 'Element': 'Yield', 'Item_Code': '01654', 'Item': 'Anise, badian, coriander, cumin, caraway, fennel and juniper berries, raw', 'Year_Code': 2002, 'Year': 2002, 'Unit': 'kg/ha', 'Value': 296.8, 'Flag': 'A', 'Flag_Description': 'Official figure', 'Note': ''}
2025-02-18 13:16:26,485 - ERROR - Error processing row: 'Domain Code'
Row data: {'Domain_Code': 'QCL', 'Domain': 'Crops and livestock products', 'Area_Code': 356, 'Area': 'India', 'Element_Code': 5510, 'Element': 'Production', 'Item_Code': '01654', 'Item': 'Anise, badian, coriander, cumin, caraway, fennel and juniper berries, raw', 'Year_Code': 2002, 'Year': 2002, 'Unit': 't', 'Value': 162362.0, 'Flag': 'A', 'Flag_Description': 'Official figure', 'Note': ''}
2025-02-18 13:16:26,519 - ERROR - Error processing row: 'Domain Code'
Row data: {'Domain_Code': 'QCL', 'Domain': 'Crops and livestock products', 'Area_Code': 356, 'Area': 'India', 'Element_Code': 5312, 'Element': 'Area harvested', 'Item_Code': '01654', 'Item': 'Anise, badian, coriander, cumin, caraway, fennel and juniper berries, raw', 'Year_Code': 2003, 'Year': 2003, 'Unit': 'ha', 'Value': 476618.0, 'Flag': 'A', 'Flag_Description': 'Official figure', 'Note': ''}
2025-02-18 13:16:26,542 - ERROR - Error processing row: 'Domain Code'
Row data: {'Domain_Code': 'QCL', 'Domain': 'Crops and livestock products', 'Area_Code': 356, 'Area': 'India', 'Element_Code': 5412, 'Element': 'Yield', 'Item_Code': '01654', 'Item': 'Anise, badian, coriander, cumin, caraway, fennel and juniper berries, raw', 'Year_Code': 2003, 'Year': 2003, 'Unit': 'kg/ha', 'Value': 534.5, 'Flag': 'A', 'Flag_Description': 'Official figure', 'Note': ''}
2025-02-18 13:16:26,571 - ERROR - Error processing row: 'Domain Code'
Row data: {'Domain_Code': 'QCL', 'Domain': 'Crops and livestock products', 'Area_Code': 356, 'Area': 'India', 'Element_Code': 5510, 'Element': 'Production', 'Item_Code': '01654', 'Item': 'Anise, badian, coriander, cumin, caraway, fennel and juniper berries, raw', 'Year_Code': 2003, 'Year': 2003, 'Unit': 't', 'Value': 254737.0, 'Flag': 'A', 'Flag_Description': 'Official figure', 'Note': ''}
2025-02-18 13:16:26,586 - ERROR - Error processing row: 'Domain Code'
Row data: {'Domain_Code': 'QCL', 'Domain': 'Crops and livestock products', 'Area_Code': 356, 'Area': 'India', 'Element_Code': 5312, 'Element': 'Area harvested', 'Item_Code': '01654', 'Item': 'Anise, badian, coriander, cumin, caraway, fennel and juniper berries, raw', 'Year_Code': 2004, 'Year': 2004, 'Unit': 'ha', 'Value': 410573.0, 'Flag': 'A', 'Flag_Description': 'Official figure', 'Note': ''}
2025-02-18 13:16:26,624 - ERROR - Error processing row: 'Domain Code'
Row data: {'Domain_Code': 'QCL', 'Domain': 'Crops and livestock products', 'Area_Code': 356, 'Area': 'India', 'Element_Code': 5412, 'Element': 'Yield', 'Item_Code': '01654', 'Item': 'Anise, badian, coriander, cumin, caraway, fennel and juniper berries, raw', 'Year_Code': 2004, 'Year': 2004, 'Unit': 'kg/ha', 'Value': 553.1, 'Flag': 'A', 'Flag_Description': 'Official figure', 'Note': ''}
2025-02-18 13:16:26,645 - ERROR - Error processing row: 'Domain Code'
Row data: {'Domain_Code': 'QCL', 'Domain': 'Crops and livestock products', 'Area_Code': 356, 'Area': 'India', 'Element_Code': 5510, 'Element': 'Production', 'Item_Code': '01654', 'Item': 'Anise, badian, coriander, cumin, caraway, fennel and juniper berries, raw', 'Year_Code': 2004, 'Year': 2004, 'Unit': 't', 'Value': 227099.0, 'Flag': 'A', 'Flag_Description': 'Official figure', 'Note': ''}
2025-02-18 13:16:26,676 - ERROR - Error processing row: 'Domain Code'
Row data: {'Domain_Code': 'QCL', 'Domain': 'Crops and livestock products', 'Area_Code': 356, 'Area': 'India', 'Element_Code': 5312, 'Element': 'Area harvested', 'Item_Code': '01654', 'Item': 'Anise, badian, coriander, cumin, caraway, fennel and juniper berries, raw', 'Year_Code': 2005, 'Year': 2005, 'Unit': 'ha', 'Value': 446931.0, 'Flag': 'A', 'Flag_Description': 'Official figure', 'Note': ''}
2025-02-18 13:16:26,704 - ERROR - Error processing row: 'Domain Code'
Row data: {'Domain_Code': 'QCL', 'Domain': 'Crops and livestock products', 'Area_Code': 356, 'Area': 'India', 'Element_Code': 5412, 'Element': 'Yield', 'Item_Code': '01654', 'Item': 'Anise, badian, coriander, cumin, caraway, fennel and juniper berries, raw', 'Year_Code': 2005, 'Year': 2005, 'Unit': 'kg/ha', 'Value': 584.4, 'Flag': 'A', 'Flag_Description': 'Official figure', 'Note': ''}
2025-02-18 13:16:26,733 - ERROR - Error processing row: 'Domain Code'
Row data: {'Domain_Code': 'QCL', 'Domain': 'Crops and livestock products', 'Area_Code': 356, 'Area': 'India', 'Element_Code': 5510, 'Element': 'Production', 'Item_Code': '01654', 'Item': 'Anise, badian, coriander, cumin, caraway, fennel and juniper berries, raw', 'Year_Code': 2005, 'Year': 2005, 'Unit': 't', 'Value': 261170.0, 'Flag': 'A', 'Flag_Description': 'Official figure', 'Note': ''}
2025-02-18 13:16:26,759 - ERROR - Error processing row: 'Domain Code'
Row data: {'Domain_Code': 'QCL', 'Domain': 'Crops and livestock products', 'Area_Code': 356, 'Area': 'India', 'Element_Code': 5312, 'Element': 'Area harvested', 'Item_Code': '01654', 'Item': 'Anise, badian, coriander, cumin, caraway, fennel and juniper berries, raw', 'Year_Code': 2006, 'Year': 2006, 'Unit': 'ha', 'Value': 473089.0, 'Flag': 'A', 'Flag_Description': 'Official figure', 'Note': ''}
2025-02-18 13:16:26,778 - ERROR - Error processing row: 'Domain Code'
Row data: {'Domain_Code': 'QCL', 'Domain': 'Crops and livestock products', 'Area_Code': 356, 'Area': 'India', 'Element_Code': 5412, 'Element': 'Yield', 'Item_Code': '01654', 'Item': 'Anise, badian, coriander, cumin, caraway, fennel and juniper berries, raw', 'Year_Code': 2006, 'Year': 2006, 'Unit': 'kg/ha', 'Value': 568.1, 'Flag': 'A', 'Flag_Description': 'Official figure', 'Note': ''}
2025-02-18 13:16:26,807 - ERROR - Error processing row: 'Domain Code'
Row data: {'Domain_Code': 'QCL', 'Domain': 'Crops and livestock products', 'Area_Code': 356, 'Area': 'India', 'Element_Code': 5510, 'Element': 'Production', 'Item_Code': '01654', 'Item': 'Anise, badian, coriander, cumin, caraway, fennel and juniper berries, raw', 'Year_Code': 2006, 'Year': 2006, 'Unit': 't', 'Value': 268776.0, 'Flag': 'A', 'Flag_Description': 'Official figure', 'Note': ''}
2025-02-18 13:16:26,838 - ERROR - Error processing row: 'Domain Code'
Row data: {'Domain_Code': 'QCL', 'Domain': 'Crops and livestock products', 'Area_Code': 356, 'Area': 'India', 'Element_Code': 5312, 'Element': 'Area harvested', 'Item_Code': '01654', 'Item': 'Anise, badian, coriander, cumin, caraway, fennel and juniper berries, raw', 'Year_Code': 2007, 'Year': 2007, 'Unit': 'ha', 'Value': 565415.0, 'Flag': 'A', 'Flag_Description': 'Official figure', 'Note': ''}
2025-02-18 13:16:26,866 - ERROR - Error processing row: 'Domain Code'
Row data: {'Domain_Code': 'QCL', 'Domain': 'Crops and livestock products', 'Area_Code': 356, 'Area': 'India', 'Element_Code': 5412, 'Element': 'Yield', 'Item_Code': '01654', 'Item': 'Anise, badian, coriander, cumin, caraway, fennel and juniper berries, raw', 'Year_Code': 2007, 'Year': 2007, 'Unit': 'kg/ha', 'Value': 701.3, 'Flag': 'A', 'Flag_Description': 'Official figure', 'Note': ''}
2025-02-18 13:16:26,890 - ERROR - Error processing row: 'Domain Code'
Row data: {'Domain_Code': 'QCL', 'Domain': 'Crops and livestock products', 'Area_Code': 356, 'Area': 'India', 'Element_Code': 5510, 'Element': 'Production', 'Item_Code': '01654', 'Item': 'Anise, badian, coriander, cumin, caraway, fennel and juniper berries, raw', 'Year_Code': 2007, 'Year': 2007, 'Unit': 't', 'Value': 396517.0, 'Flag': 'A', 'Flag_Description': 'Official figure', 'Note': ''}
2025-02-18 13:16:26,911 - ERROR - Error processing row: 'Domain Code'
Row data: {'Domain_Code': 'QCL', 'Domain': 'Crops and livestock products', 'Area_Code': 356, 'Area': 'India', 'Element_Code': 5312, 'Element': 'Area harvested', 'Item_Code': '01654', 'Item': 'Anise, badian, coriander, cumin, caraway, fennel and juniper berries, raw', 'Year_Code': 2008, 'Year': 2008, 'Unit': 'ha', 'Value': 604281.0, 'Flag': 'A', 'Flag_Description': 'Official figure', 'Note': ''}
2025-02-18 13:16:26,938 - ERROR - Error processing row: 'Domain Code'
Row data: {'Domain_Code': 'QCL', 'Domain': 'Crops and livestock products', 'Area_Code': 356, 'Area': 'India', 'Element_Code': 5412, 'Element': 'Yield', 'Item_Code': '01654', 'Item': 'Anise, badian, coriander, cumin, caraway, fennel and juniper berries, raw', 'Year_Code': 2008, 'Year': 2008, 'Unit': 'kg/ha', 'Value': 657.5, 'Flag': 'A', 'Flag_Description': 'Official figure', 'Note': ''}
2025-02-18 13:16:26,963 - ERROR - Error processing row: 'Domain Code'
Row data: {'Domain_Code': 'QCL', 'Domain': 'Crops and livestock products', 'Area_Code': 356, 'Area': 'India', 'Element_Code': 5510, 'Element': 'Production', 'Item_Code': '01654', 'Item': 'Anise, badian, coriander, cumin, caraway, fennel and juniper berries, raw', 'Year_Code': 2008, 'Year': 2008, 'Unit': 't', 'Value': 397286.0, 'Flag': 'A', 'Flag_Description': 'Official figure', 'Note': ''}
2025-02-18 13:16:26,984 - ERROR - Error processing row: 'Domain Code'
Row data: {'Domain_Code': 'QCL', 'Domain': 'Crops and livestock products', 'Area_Code': 356, 'Area': 'India', 'Element_Code': 5312, 'Element': 'Area harvested', 'Item_Code': '01654', 'Item': 'Anise, badian, coriander, cumin, caraway, fennel and juniper berries, raw', 'Year_Code': 2009, 'Year': 2009, 'Unit': 'ha', 'Value': 573321.0, 'Flag': 'A', 'Flag_Description': 'Official figure', 'Note': ''}
2025-02-18 13:16:27,001 - ERROR - Error processing row: 'Domain Code'
Row data: {'Domain_Code': 'QCL', 'Domain': 'Crops and livestock products', 'Area_Code': 356, 'Area': 'India', 'Element_Code': 5412, 'Element': 'Yield', 'Item_Code': '01654', 'Item': 'Anise, badian, coriander, cumin, caraway, fennel and juniper berries, raw', 'Year_Code': 2009, 'Year': 2009, 'Unit': 'kg/ha', 'Value': 684.4, 'Flag': 'A', 'Flag_Description': 'Official figure', 'Note': ''}
2025-02-18 13:16:27,035 - ERROR - Error processing row: 'Domain Code'
Row data: {'Domain_Code': 'QCL', 'Domain': 'Crops and livestock products', 'Area_Code': 356, 'Area': 'India', 'Element_Code': 5510, 'Element': 'Production', 'Item_Code': '01654', 'Item': 'Anise, badian, coriander, cumin, caraway, fennel and juniper berries, raw', 'Year_Code': 2009, 'Year': 2009, 'Unit': 't', 'Value': 392379.0, 'Flag': 'A', 'Flag_Description': 'Official figure', 'Note': ''}
2025-02-18 13:16:27,069 - ERROR - Error processing row: 'Domain Code'
Row data: {'Domain_Code': 'QCL', 'Domain': 'Crops and livestock products', 'Area_Code': 356, 'Area': 'India', 'Element_Code': 5312, 'Element': 'Area harvested', 'Item_Code': '01654', 'Item': 'Anise, badian, coriander, cumin, caraway, fennel and juniper berries, raw', 'Year_Code': 2010, 'Year': 2010, 'Unit': 'ha', 'Value': 569600.0, 'Flag': 'A', 'Flag_Description': 'Official figure', 'Note': ''}
2025-02-18 13:16:27,106 - ERROR - Error processing row: 'Domain Code'
Row data: {'Domain_Code': 'QCL', 'Domain': 'Crops and livestock products', 'Area_Code': 356, 'Area': 'India', 'Element_Code': 5412, 'Element': 'Yield', 'Item_Code': '01654', 'Item': 'Anise, badian, coriander, cumin, caraway, fennel and juniper berries, raw', 'Year_Code': 2010, 'Year': 2010, 'Unit': 'kg/ha', 'Value': 736.7, 'Flag': 'A', 'Flag_Description': 'Official figure', 'Note': ''}
2025-02-18 13:16:27,141 - ERROR - Error processing row: 'Domain Code'
Row data: {'Domain_Code': 'QCL', 'Domain': 'Crops and livestock products', 'Area_Code': 356, 'Area': 'India', 'Element_Code': 5510, 'Element': 'Production', 'Item_Code': '01654', 'Item': 'Anise, badian, coriander, cumin, caraway, fennel and juniper berries, raw', 'Year_Code': 2010, 'Year': 2010, 'Unit': 't', 'Value': 419600.0, 'Flag': 'A', 'Flag_Description': 'Official figure', 'Note': ''}
2025-02-18 13:16:27,168 - ERROR - Error processing row: 'Domain Code'
Row data: {'Domain_Code': 'QCL', 'Domain': 'Crops and livestock products', 'Area_Code': 356, 'Area': 'India', 'Element_Code': 5312, 'Element': 'Area harvested', 'Item_Code': '01654', 'Item': 'Anise, badian, coriander, cumin, caraway, fennel and juniper berries, raw', 'Year_Code': 2011, 'Year': 2011, 'Unit': 'ha', 'Value': 693534.0, 'Flag': 'A', 'Flag_Description': 'Official figure', 'Note': ''}
2025-02-18 13:16:27,201 - ERROR - Error processing row: 'Domain Code'
Row data: {'Domain_Code': 'QCL', 'Domain': 'Crops and livestock products', 'Area_Code': 356, 'Area': 'India', 'Element_Code': 5412, 'Element': 'Yield', 'Item_Code': '01654', 'Item': 'Anise, badian, coriander, cumin, caraway, fennel and juniper berries, raw', 'Year_Code': 2011, 'Year': 2011, 'Unit': 'kg/ha', 'Value': 774.7, 'Flag': 'A', 'Flag_Description': 'Official figure', 'Note': ''}
2025-02-18 13:16:27,236 - ERROR - Error processing row: 'Domain Code'
Row data: {'Domain_Code': 'QCL', 'Domain': 'Crops and livestock products', 'Area_Code': 356, 'Area': 'India', 'Element_Code': 5510, 'Element': 'Production', 'Item_Code': '01654', 'Item': 'Anise, badian, coriander, cumin, caraway, fennel and juniper berries, raw', 'Year_Code': 2011, 'Year': 2011, 'Unit': 't', 'Value': 537277.0, 'Flag': 'A', 'Flag_Description': 'Official figure', 'Note': ''}
2025-02-18 13:16:27,271 - ERROR - Error processing row: 'Domain Code'
Row data: {'Domain_Code': 'QCL', 'Domain': 'Crops and livestock products', 'Area_Code': 356, 'Area': 'India', 'Element_Code': 5312, 'Element': 'Area harvested', 'Item_Code': '01654', 'Item': 'Anise, badian, coriander, cumin, caraway, fennel and juniper berries, raw', 'Year_Code': 2012, 'Year': 2012, 'Unit': 'ha', 'Value': 693700.0, 'Flag': 'A', 'Flag_Description': 'Official figure', 'Note': ''}
2025-02-18 13:16:27,298 - ERROR - Error processing row: 'Domain Code'
Row data: {'Domain_Code': 'QCL', 'Domain': 'Crops and livestock products', 'Area_Code': 356, 'Area': 'India', 'Element_Code': 5412, 'Element': 'Yield', 'Item_Code': '01654', 'Item': 'Anise, badian, coriander, cumin, caraway, fennel and juniper berries, raw', 'Year_Code': 2012, 'Year': 2012, 'Unit': 'kg/ha', 'Value': 774.6, 'Flag': 'A', 'Flag_Description': 'Official figure', 'Note': ''}
2025-02-18 13:16:27,326 - ERROR - Error processing row: 'Domain Code'
Row data: {'Domain_Code': 'QCL', 'Domain': 'Crops and livestock products', 'Area_Code': 356, 'Area': 'India', 'Element_Code': 5510, 'Element': 'Production', 'Item_Code': '01654', 'Item': 'Anise, badian, coriander, cumin, caraway, fennel and juniper berries, raw', 'Year_Code': 2012, 'Year': 2012, 'Unit': 't', 'Value': 537330.0, 'Flag': 'A', 'Flag_Description': 'Official figure', 'Note': ''}
2025-02-18 13:16:27,359 - ERROR - Error processing row: 'Domain Code'
Row data: {'Domain_Code': 'QCL', 'Domain': 'Crops and livestock products', 'Area_Code': 356, 'Area': 'India', 'Element_Code': 5312, 'Element': 'Area harvested', 'Item_Code': '01654', 'Item': 'Anise, badian, coriander, cumin, caraway, fennel and juniper berries, raw', 'Year_Code': 2013, 'Year': 2013, 'Unit': 'ha', 'Value': 696692.0, 'Flag': 'A', 'Flag_Description': 'Official figure', 'Note': ''}
